<html>
<head>
<title>TestNG:  Test</title>
<link href="../testng.css" rel="stylesheet" type="text/css" />
<link href="../my-testng.css" rel="stylesheet" type="text/css" />

<style type="text/css">
.log { display: none;} 
.stack-trace { display: none;} 
</style>
<script type="text/javascript">
<!--
function flip(e) {
  current = e.style.display;
  if (current == 'block') {
    e.style.display = 'none';
    return 0;
  }
  else {
    e.style.display = 'block';
    return 1;
  }
}

function toggleBox(szDivId, elem, msg1, msg2)
{
  var res = -1;  if (document.getElementById) {
    res = flip(document.getElementById(szDivId));
  }
  else if (document.all) {
    // this is the way old msie versions work
    res = flip(document.all[szDivId]);
  }
  if(elem) {
    if(res == 0) elem.innerHTML = msg1; else elem.innerHTML = msg2;
  }

}

function toggleAllBoxes() {
  if (document.getElementsByTagName) {
    d = document.getElementsByTagName('div');
    for (i = 0; i < d.length; i++) {
      if (d[i].className == 'log') {
        flip(d[i]);
      }
    }
  }
}

// -->
</script>

</head>
<body>
<h2 align='center'>Test</h2><table border='1' align="center">
<tr>
<td>Tests passed/Failed/Skipped:</td><td>2/4/1</td>
</tr><tr>
<td>Started on:</td><td>Fri Jun 18 09:25:08 IST 2021</td>
</tr>
<tr><td>Total time:</td><td>277 seconds (277958 ms)</td>
</tr><tr>
<td>Included groups:</td><td></td>
</tr><tr>
<td>Excluded groups:</td><td></td>
</tr>
</table><p/>
<small><i>(Hover the method name to see the test class name)</i></small><p/>
<table width='100%' border='1' class='invocation-failed'>
<tr><td colspan='4' align='center'><b>FAILED CONFIGURATIONS</b></td></tr>
<tr><td><b>Test method</b></td>
<td width="30%"><b>Exception</b></td>
<td width="10%"><b>Time (seconds)</b></td>
<td><b>Instance</b></td>
</tr>
<tr>
<td title='testNG.TC_09TestExtend.beforemethod()'><b>beforemethod</b><br>Test class: testNG.TC_09TestExtend<br/>
<a href="#Output-24315398" onClick='toggleBox("Output-24315398", this, "Show output", "Hide output");'>Show output</a>

<a href="#Output-24315398" onClick="toggleAllBoxes();">Show all outputs</a>
<div class='log' id="Output-24315398">
beforemethod<br/>
</div>
</td>
<td><div><pre>org.openqa.selenium.WebDriverException: unknown error: cannot determine loading status
from disconnected: Unable to receive message from renderer
  (Session info: chrome=91.0.4472.106)
Build info: version: &apos;3.141.59&apos;, revision: &apos;e82be7d358&apos;, time: &apos;2018-11-14T08:25:53&apos;
System info: host: &apos;SOHAM-PC&apos;, ip: &apos;192.168.43.168&apos;, os.name: &apos;Windows 7&apos;, os.arch: &apos;x86&apos;, os.version: &apos;6.1&apos;, java.version: &apos;1.8.0_291&apos;
Driver info: org.openqa.selenium.chrome.ChromeDriver
Capabilities {acceptInsecureCerts: false, browserName: chrome, browserVersion: 91.0.4472.106, chrome: {chromedriverVersion: 91.0.4472.19 (1bf021f248676..., userDataDir: C:\Users\SOHAM\AppData\Loca...}, goog:chromeOptions: {debuggerAddress: localhost:57361}, javascriptEnabled: true, networkConnectionEnabled: false, pageLoadStrategy: normal, platform: WINDOWS, platformName: WINDOWS, proxy: Proxy(), setWindowRect: true, strictFileInteractability: false, timeouts: {implicit: 0, pageLoad: 300000, script: 30000}, unhandledPromptBehavior: dismiss and notify, webauthn:extension:largeBlob: true, webauthn:virtualAuthenticators: true}
Session ID: 83d1c62970cdfee9a2aff41c1c9c7fbc
	at org.openqa.selenium.remote.http.W3CHttpResponseCodec.createException(W3CHttpResponseCodec.java:187)
	at org.openqa.selenium.remote.http.W3CHttpResponseCodec.decode(W3CHttpResponseCodec.java:122)
	at org.openqa.selenium.remote.http.W3CHttpResponseCodec.decode(W3CHttpResponseCodec.java:49)
	at org.openqa.selenium.remote.HttpCommandExecutor.execute(HttpCommandExecutor.java:158)
	at org.openqa.selenium.remote.service.DriverCommandExecutor.execute(DriverCommandExecutor.java:83)
	at org.openqa.selenium.remote.RemoteWebDriver.execute(RemoteWebDriver.java:552)
	at org.openqa.selenium.remote.RemoteWebDriver.get(RemoteWebDriver.java:277)
	at testNG.BaseClass.beforemethod(BaseClass.java:54)
	at java.util.ArrayList.forEach(Unknown Source)
... Removed 35 stack frames</pre></div><a href='#' onClick='toggleBox("stack-trace24315398", this, "Click to show all stack frames", "Click to hide stack frames")'>Click to show all stack frames</a>
<div class='stack-trace' id='stack-trace24315398'><pre>org.openqa.selenium.WebDriverException: unknown error: cannot determine loading status
from disconnected: Unable to receive message from renderer
  (Session info: chrome=91.0.4472.106)
Build info: version: &apos;3.141.59&apos;, revision: &apos;e82be7d358&apos;, time: &apos;2018-11-14T08:25:53&apos;
System info: host: &apos;SOHAM-PC&apos;, ip: &apos;192.168.43.168&apos;, os.name: &apos;Windows 7&apos;, os.arch: &apos;x86&apos;, os.version: &apos;6.1&apos;, java.version: &apos;1.8.0_291&apos;
Driver info: org.openqa.selenium.chrome.ChromeDriver
Capabilities {acceptInsecureCerts: false, browserName: chrome, browserVersion: 91.0.4472.106, chrome: {chromedriverVersion: 91.0.4472.19 (1bf021f248676..., userDataDir: C:\Users\SOHAM\AppData\Loca...}, goog:chromeOptions: {debuggerAddress: localhost:57361}, javascriptEnabled: true, networkConnectionEnabled: false, pageLoadStrategy: normal, platform: WINDOWS, platformName: WINDOWS, proxy: Proxy(), setWindowRect: true, strictFileInteractability: false, timeouts: {implicit: 0, pageLoad: 300000, script: 30000}, unhandledPromptBehavior: dismiss and notify, webauthn:extension:largeBlob: true, webauthn:virtualAuthenticators: true}
Session ID: 83d1c62970cdfee9a2aff41c1c9c7fbc
	at sun.reflect.NativeConstructorAccessorImpl.newInstance0(Native Method)
	at sun.reflect.NativeConstructorAccessorImpl.newInstance(Unknown Source)
	at sun.reflect.DelegatingConstructorAccessorImpl.newInstance(Unknown Source)
	at java.lang.reflect.Constructor.newInstance(Unknown Source)
	at org.openqa.selenium.remote.http.W3CHttpResponseCodec.createException(W3CHttpResponseCodec.java:187)
	at org.openqa.selenium.remote.http.W3CHttpResponseCodec.decode(W3CHttpResponseCodec.java:122)
	at org.openqa.selenium.remote.http.W3CHttpResponseCodec.decode(W3CHttpResponseCodec.java:49)
	at org.openqa.selenium.remote.HttpCommandExecutor.execute(HttpCommandExecutor.java:158)
	at org.openqa.selenium.remote.service.DriverCommandExecutor.execute(DriverCommandExecutor.java:83)
	at org.openqa.selenium.remote.RemoteWebDriver.execute(RemoteWebDriver.java:552)
	at org.openqa.selenium.remote.RemoteWebDriver.get(RemoteWebDriver.java:277)
	at testNG.BaseClass.beforemethod(BaseClass.java:54)
	at sun.reflect.NativeMethodAccessorImpl.invoke0(Native Method)
	at sun.reflect.NativeMethodAccessorImpl.invoke(Unknown Source)
	at sun.reflect.DelegatingMethodAccessorImpl.invoke(Unknown Source)
	at java.lang.reflect.Method.invoke(Unknown Source)
	at org.testng.internal.MethodInvocationHelper.invokeMethod(MethodInvocationHelper.java:133)
	at org.testng.internal.MethodInvocationHelper.invokeMethodConsideringTimeout(MethodInvocationHelper.java:62)
	at org.testng.internal.ConfigInvoker.invokeConfigurationMethod(ConfigInvoker.java:385)
	at org.testng.internal.ConfigInvoker.invokeConfigurations(ConfigInvoker.java:321)
	at org.testng.internal.TestInvoker.runConfigMethods(TestInvoker.java:700)
	at org.testng.internal.TestInvoker.invokeMethod(TestInvoker.java:527)
	at org.testng.internal.TestInvoker.invokeTestMethod(TestInvoker.java:173)
	at org.testng.internal.MethodRunner.runInSequence(MethodRunner.java:46)
	at org.testng.internal.TestInvoker$MethodInvocationAgent.invoke(TestInvoker.java:824)
	at org.testng.internal.TestInvoker.invokeTestMethods(TestInvoker.java:146)
	at org.testng.internal.TestMethodWorker.invokeTestMethods(TestMethodWorker.java:146)
	at org.testng.internal.TestMethodWorker.run(TestMethodWorker.java:128)
	at java.util.ArrayList.forEach(Unknown Source)
	at org.testng.TestRunner.privateRun(TestRunner.java:794)
	at org.testng.TestRunner.run(TestRunner.java:596)
	at org.testng.SuiteRunner.runTest(SuiteRunner.java:377)
	at org.testng.SuiteRunner.runSequentially(SuiteRunner.java:371)
	at org.testng.SuiteRunner.privateRun(SuiteRunner.java:332)
	at org.testng.SuiteRunner.run(SuiteRunner.java:276)
	at org.testng.SuiteRunnerWorker.runSuite(SuiteRunnerWorker.java:53)
	at org.testng.SuiteRunnerWorker.run(SuiteRunnerWorker.java:96)
	at org.testng.TestNG.runSuitesSequentially(TestNG.java:1212)
	at org.testng.TestNG.runSuitesLocally(TestNG.java:1134)
	at org.testng.TestNG.runSuites(TestNG.java:1063)
	at org.testng.TestNG.run(TestNG.java:1031)
	at org.testng.remote.AbstractRemoteTestNG.run(AbstractRemoteTestNG.java:115)
	at org.testng.remote.RemoteTestNG.initAndRun(RemoteTestNG.java:251)
	at org.testng.remote.RemoteTestNG.main(RemoteTestNG.java:77)
</pre></div></td>
<td>5</td>
<td>testNG.TC_09TestExtend@43fe0e</td></tr>
</table><p>
<table width='100%' border='1' class='invocation-skipped'>
<tr><td colspan='4' align='center'><b>SKIPPED CONFIGURATIONS</b></td></tr>
<tr><td><b>Test method</b></td>
<td width="30%"><b>Exception</b></td>
<td width="10%"><b>Time (seconds)</b></td>
<td><b>Instance</b></td>
</tr>
<tr>
<td title='testNG.TC_09TestExtend.afterclass()'><b>afterclass</b><br>Test class: testNG.TC_09TestExtend</td>
<td></td>
<td>-1623988771</td>
<td>testNG.TC_09TestExtend@43fe0e</td></tr>
<tr>
<td title='testNG.TC_09TestExtend.aftermethod()'><b>aftermethod</b><br>Test class: testNG.TC_09TestExtend</td>
<td></td>
<td>-1623988771</td>
<td>testNG.TC_09TestExtend@43fe0e</td></tr>
</table><p>
<table width='100%' border='1' class='invocation-failed'>
<tr><td colspan='4' align='center'><b>FAILED TESTS</b></td></tr>
<tr><td><b>Test method</b></td>
<td width="30%"><b>Exception</b></td>
<td width="10%"><b>Time (seconds)</b></td>
<td><b>Instance</b></td>
</tr>
<tr>
<td title='testNG.TC_07DoubleArray.verifuAccount()'><b>verifuAccount</b><br>Test class: testNG.TC_07DoubleArray<br>Parameters: [Ljava.lang.String;@174d36a</td>
<td><div><pre>org.openqa.selenium.SessionNotCreatedException: session not created
from disconnected: received Inspector.detached event
  (Session info: chrome=91.0.4472.106)
Build info: version: &apos;3.141.59&apos;, revision: &apos;e82be7d358&apos;, time: &apos;2018-11-14T08:25:53&apos;
System info: host: &apos;SOHAM-PC&apos;, ip: &apos;192.168.43.168&apos;, os.name: &apos;Windows 7&apos;, os.arch: &apos;x86&apos;, os.version: &apos;6.1&apos;, java.version: &apos;1.8.0_291&apos;
Driver info: driver.version: ChromeDriver
remote stacktrace: Backtrace:
	Ordinal0 [0x00D02DB3+2502067]
	Ordinal0 [0x00C9C5B1+2082225]
	Ordinal0 [0x00BA2498+1057944]
	Ordinal0 [0x00B95864+1005668]
	Ordinal0 [0x00B954A4+1004708]
	Ordinal0 [0x00B94BEC+1002476]
	Ordinal0 [0x00B93D69+998761]
	Ordinal0 [0x00B94026+999462]
	Ordinal0 [0x00B93915+997653]
	Ordinal0 [0x00B9E534+1041716]
	Ordinal0 [0x00B938D1+997585]
	Ordinal0 [0x00B947F6+1001462]
	Ordinal0 [0x00B93D69+998761]
	Ordinal0 [0x00B94026+999462]
	Ordinal0 [0x00B93915+997653]
	Ordinal0 [0x00B9C5AA+1033642]
	Ordinal0 [0x00B938D1+997585]
	Ordinal0 [0x00B947F6+1001462]
	Ordinal0 [0x00B93D69+998761]
	Ordinal0 [0x00B94026+999462]
	Ordinal0 [0x00B93915+997653]
	Ordinal0 [0x00B9A459+1025113]
	Ordinal0 [0x00B938D1+997585]
	Ordinal0 [0x00B947F6+1001462]
	Ordinal0 [0x00B93D69+998761]
	Ordinal0 [0x00B94026+999462]
	Ordinal0 [0x00B93915+997653]
	Ordinal0 [0x00B9977C+1021820]
	Ordinal0 [0x00B938D1+997585]
	Ordinal0 [0x00B947F6+1001462]
	Ordinal0 [0x00B93D69+998761]
	Ordinal0 [0x00B94026+999462]
	Ordinal0 [0x00B93915+997653]
	Ordinal0 [0x00B8F42D+980013]
	Ordinal0 [0x00B938D1+997585]
	Ordinal0 [0x00B93670+996976]
	Ordinal0 [0x00B93409+996361]
	Ordinal0 [0x00BA36A0+1062560]
	Ordinal0 [0x00BEAA59+1354329]
	Ordinal0 [0x00BE967A+1349242]
	Ordinal0 [0x00BE5BEB+1334251]
	Ordinal0 [0x00BC2174+1188212]
	Ordinal0 [0x00BC3009+1191945]
	GetHandleVerifier [0x00E7EC5C+1511084]
	GetHandleVerifier [0x00F28522+2205554]
	GetHandleVerifier [0x00D83393+480739]
	GetHandleVerifier [0x00D82579+477129]
	Ordinal0 [0x00CA1E5D+2104925]
	Ordinal0 [0x00CA63F8+2122744]
	Ordinal0 [0x00CA6537+2123063]
	Ordinal0 [0x00CAEE53+2158163]
	BaseThreadInitThunk [0x76341174+18]
	RtlInitializeExceptionChain [0x777FB3F5+99]
	RtlInitializeExceptionChain [0x777FB3C8+54]

	at org.openqa.selenium.remote.W3CHandshakeResponse.lambda$errorHandler$0(W3CHandshakeResponse.java:62)
	at org.openqa.selenium.remote.HandshakeResponse.lambda$getResponseFunction$0(HandshakeResponse.java:30)
	at org.openqa.selenium.remote.ProtocolHandshake.lambda$createSession$0(ProtocolHandshake.java:126)
	at java.util.stream.ReferencePipeline$3$1.accept(Unknown Source)
	at java.util.Spliterators$ArraySpliterator.tryAdvance(Unknown Source)
	at java.util.stream.ReferencePipeline.forEachWithCancel(Unknown Source)
	at java.util.stream.AbstractPipeline.copyIntoWithCancel(Unknown Source)
	at java.util.stream.AbstractPipeline.copyInto(Unknown Source)
	at java.util.stream.AbstractPipeline.wrapAndCopyInto(Unknown Source)
	at java.util.stream.FindOps$FindOp.evaluateSequential(Unknown Source)
	at java.util.stream.AbstractPipeline.evaluate(Unknown Source)
	at java.util.stream.ReferencePipeline.findFirst(Unknown Source)
	at org.openqa.selenium.remote.ProtocolHandshake.createSession(ProtocolHandshake.java:128)
	at org.openqa.selenium.remote.ProtocolHandshake.createSession(ProtocolHandshake.java:74)
	at org.openqa.selenium.remote.HttpCommandExecutor.execute(HttpCommandExecutor.java:136)
	at org.openqa.selenium.remote.service.DriverCommandExecutor.execute(DriverCommandExecutor.java:83)
	at org.openqa.selenium.remote.RemoteWebDriver.execute(RemoteWebDriver.java:552)
	at org.openqa.selenium.remote.RemoteWebDriver.startSession(RemoteWebDriver.java:213)
	at org.openqa.selenium.remote.RemoteWebDriver.&lt;init&gt;(RemoteWebDriver.java:131)
	at org.openqa.selenium.chrome.ChromeDriver.&lt;init&gt;(ChromeDriver.java:181)
	at org.openqa.selenium.chrome.ChromeDriver.&lt;init&gt;(ChromeDriver.java:168)
	at org.openqa.selenium.chrome.ChromeDriver.&lt;init&gt;(ChromeDriver.java:123)
	at testNG.TC_07DoubleArray.verifuAccount(TC_07DoubleArray.java:33)
	at java.util.ArrayList.forEach(Unknown Source)
... Removed 31 stack frames</pre></div><a href='#' onClick='toggleBox("stack-trace14355891", this, "Click to show all stack frames", "Click to hide stack frames")'>Click to show all stack frames</a>
<div class='stack-trace' id='stack-trace14355891'><pre>org.openqa.selenium.SessionNotCreatedException: session not created
from disconnected: received Inspector.detached event
  (Session info: chrome=91.0.4472.106)
Build info: version: &apos;3.141.59&apos;, revision: &apos;e82be7d358&apos;, time: &apos;2018-11-14T08:25:53&apos;
System info: host: &apos;SOHAM-PC&apos;, ip: &apos;192.168.43.168&apos;, os.name: &apos;Windows 7&apos;, os.arch: &apos;x86&apos;, os.version: &apos;6.1&apos;, java.version: &apos;1.8.0_291&apos;
Driver info: driver.version: ChromeDriver
remote stacktrace: Backtrace:
	Ordinal0 [0x00D02DB3+2502067]
	Ordinal0 [0x00C9C5B1+2082225]
	Ordinal0 [0x00BA2498+1057944]
	Ordinal0 [0x00B95864+1005668]
	Ordinal0 [0x00B954A4+1004708]
	Ordinal0 [0x00B94BEC+1002476]
	Ordinal0 [0x00B93D69+998761]
	Ordinal0 [0x00B94026+999462]
	Ordinal0 [0x00B93915+997653]
	Ordinal0 [0x00B9E534+1041716]
	Ordinal0 [0x00B938D1+997585]
	Ordinal0 [0x00B947F6+1001462]
	Ordinal0 [0x00B93D69+998761]
	Ordinal0 [0x00B94026+999462]
	Ordinal0 [0x00B93915+997653]
	Ordinal0 [0x00B9C5AA+1033642]
	Ordinal0 [0x00B938D1+997585]
	Ordinal0 [0x00B947F6+1001462]
	Ordinal0 [0x00B93D69+998761]
	Ordinal0 [0x00B94026+999462]
	Ordinal0 [0x00B93915+997653]
	Ordinal0 [0x00B9A459+1025113]
	Ordinal0 [0x00B938D1+997585]
	Ordinal0 [0x00B947F6+1001462]
	Ordinal0 [0x00B93D69+998761]
	Ordinal0 [0x00B94026+999462]
	Ordinal0 [0x00B93915+997653]
	Ordinal0 [0x00B9977C+1021820]
	Ordinal0 [0x00B938D1+997585]
	Ordinal0 [0x00B947F6+1001462]
	Ordinal0 [0x00B93D69+998761]
	Ordinal0 [0x00B94026+999462]
	Ordinal0 [0x00B93915+997653]
	Ordinal0 [0x00B8F42D+980013]
	Ordinal0 [0x00B938D1+997585]
	Ordinal0 [0x00B93670+996976]
	Ordinal0 [0x00B93409+996361]
	Ordinal0 [0x00BA36A0+1062560]
	Ordinal0 [0x00BEAA59+1354329]
	Ordinal0 [0x00BE967A+1349242]
	Ordinal0 [0x00BE5BEB+1334251]
	Ordinal0 [0x00BC2174+1188212]
	Ordinal0 [0x00BC3009+1191945]
	GetHandleVerifier [0x00E7EC5C+1511084]
	GetHandleVerifier [0x00F28522+2205554]
	GetHandleVerifier [0x00D83393+480739]
	GetHandleVerifier [0x00D82579+477129]
	Ordinal0 [0x00CA1E5D+2104925]
	Ordinal0 [0x00CA63F8+2122744]
	Ordinal0 [0x00CA6537+2123063]
	Ordinal0 [0x00CAEE53+2158163]
	BaseThreadInitThunk [0x76341174+18]
	RtlInitializeExceptionChain [0x777FB3F5+99]
	RtlInitializeExceptionChain [0x777FB3C8+54]

	at sun.reflect.NativeConstructorAccessorImpl.newInstance0(Native Method)
	at sun.reflect.NativeConstructorAccessorImpl.newInstance(Unknown Source)
	at sun.reflect.DelegatingConstructorAccessorImpl.newInstance(Unknown Source)
	at java.lang.reflect.Constructor.newInstance(Unknown Source)
	at org.openqa.selenium.remote.W3CHandshakeResponse.lambda$errorHandler$0(W3CHandshakeResponse.java:62)
	at org.openqa.selenium.remote.HandshakeResponse.lambda$getResponseFunction$0(HandshakeResponse.java:30)
	at org.openqa.selenium.remote.ProtocolHandshake.lambda$createSession$0(ProtocolHandshake.java:126)
	at java.util.stream.ReferencePipeline$3$1.accept(Unknown Source)
	at java.util.Spliterators$ArraySpliterator.tryAdvance(Unknown Source)
	at java.util.stream.ReferencePipeline.forEachWithCancel(Unknown Source)
	at java.util.stream.AbstractPipeline.copyIntoWithCancel(Unknown Source)
	at java.util.stream.AbstractPipeline.copyInto(Unknown Source)
	at java.util.stream.AbstractPipeline.wrapAndCopyInto(Unknown Source)
	at java.util.stream.FindOps$FindOp.evaluateSequential(Unknown Source)
	at java.util.stream.AbstractPipeline.evaluate(Unknown Source)
	at java.util.stream.ReferencePipeline.findFirst(Unknown Source)
	at org.openqa.selenium.remote.ProtocolHandshake.createSession(ProtocolHandshake.java:128)
	at org.openqa.selenium.remote.ProtocolHandshake.createSession(ProtocolHandshake.java:74)
	at org.openqa.selenium.remote.HttpCommandExecutor.execute(HttpCommandExecutor.java:136)
	at org.openqa.selenium.remote.service.DriverCommandExecutor.execute(DriverCommandExecutor.java:83)
	at org.openqa.selenium.remote.RemoteWebDriver.execute(RemoteWebDriver.java:552)
	at org.openqa.selenium.remote.RemoteWebDriver.startSession(RemoteWebDriver.java:213)
	at org.openqa.selenium.remote.RemoteWebDriver.&lt;init&gt;(RemoteWebDriver.java:131)
	at org.openqa.selenium.chrome.ChromeDriver.&lt;init&gt;(ChromeDriver.java:181)
	at org.openqa.selenium.chrome.ChromeDriver.&lt;init&gt;(ChromeDriver.java:168)
	at org.openqa.selenium.chrome.ChromeDriver.&lt;init&gt;(ChromeDriver.java:123)
	at testNG.TC_07DoubleArray.verifuAccount(TC_07DoubleArray.java:33)
	at sun.reflect.NativeMethodAccessorImpl.invoke0(Native Method)
	at sun.reflect.NativeMethodAccessorImpl.invoke(Unknown Source)
	at sun.reflect.DelegatingMethodAccessorImpl.invoke(Unknown Source)
	at java.lang.reflect.Method.invoke(Unknown Source)
	at org.testng.internal.MethodInvocationHelper.invokeMethod(MethodInvocationHelper.java:133)
	at org.testng.internal.TestInvoker.invokeMethod(TestInvoker.java:598)
	at org.testng.internal.TestInvoker.invokeTestMethod(TestInvoker.java:173)
	at org.testng.internal.MethodRunner.runInSequence(MethodRunner.java:46)
	at org.testng.internal.TestInvoker$MethodInvocationAgent.invoke(TestInvoker.java:824)
	at org.testng.internal.TestInvoker.invokeTestMethods(TestInvoker.java:146)
	at org.testng.internal.TestMethodWorker.invokeTestMethods(TestMethodWorker.java:146)
	at org.testng.internal.TestMethodWorker.run(TestMethodWorker.java:128)
	at java.util.ArrayList.forEach(Unknown Source)
	at org.testng.TestRunner.privateRun(TestRunner.java:794)
	at org.testng.TestRunner.run(TestRunner.java:596)
	at org.testng.SuiteRunner.runTest(SuiteRunner.java:377)
	at org.testng.SuiteRunner.runSequentially(SuiteRunner.java:371)
	at org.testng.SuiteRunner.privateRun(SuiteRunner.java:332)
	at org.testng.SuiteRunner.run(SuiteRunner.java:276)
	at org.testng.SuiteRunnerWorker.runSuite(SuiteRunnerWorker.java:53)
	at org.testng.SuiteRunnerWorker.run(SuiteRunnerWorker.java:96)
	at org.testng.TestNG.runSuitesSequentially(TestNG.java:1212)
	at org.testng.TestNG.runSuitesLocally(TestNG.java:1134)
	at org.testng.TestNG.runSuites(TestNG.java:1063)
	at org.testng.TestNG.run(TestNG.java:1031)
	at org.testng.remote.AbstractRemoteTestNG.run(AbstractRemoteTestNG.java:115)
	at org.testng.remote.RemoteTestNG.initAndRun(RemoteTestNG.java:251)
	at org.testng.remote.RemoteTestNG.main(RemoteTestNG.java:77)
</pre></div></td>
<td>27</td>
<td>testNG.TC_07DoubleArray@16eabae</td></tr>
<tr>
<td title='testNG.TC_08Array_Parallel_ChangeName.verifyAccount()'><b>verifyAccount</b><br>Test class: testNG.TC_08Array_Parallel_ChangeName<br>Parameters: [Ljava.lang.String;@d18072</td>
<td><div><pre>org.openqa.selenium.SessionNotCreatedException: session not created
from disconnected: Unable to receive message from renderer
  (Session info: chrome=91.0.4472.106)
Build info: version: &apos;3.141.59&apos;, revision: &apos;e82be7d358&apos;, time: &apos;2018-11-14T08:25:53&apos;
System info: host: &apos;SOHAM-PC&apos;, ip: &apos;192.168.43.168&apos;, os.name: &apos;Windows 7&apos;, os.arch: &apos;x86&apos;, os.version: &apos;6.1&apos;, java.version: &apos;1.8.0_291&apos;
Driver info: driver.version: ChromeDriver
remote stacktrace: Backtrace:
	Ordinal0 [0x00D02DB3+2502067]
	Ordinal0 [0x00C9C5B1+2082225]
	Ordinal0 [0x00BA2498+1057944]
	Ordinal0 [0x00B94DE9+1002985]
	Ordinal0 [0x00B93D69+998761]
	Ordinal0 [0x00B94026+999462]
	Ordinal0 [0x00B93915+997653]
	Ordinal0 [0x00B9E534+1041716]
	Ordinal0 [0x00B938D1+997585]
	Ordinal0 [0x00B947F6+1001462]
	Ordinal0 [0x00B93D69+998761]
	Ordinal0 [0x00B94026+999462]
	Ordinal0 [0x00B93915+997653]
	Ordinal0 [0x00B9C5AA+1033642]
	Ordinal0 [0x00B938D1+997585]
	Ordinal0 [0x00B947F6+1001462]
	Ordinal0 [0x00B93D69+998761]
	Ordinal0 [0x00B94026+999462]
	Ordinal0 [0x00B93915+997653]
	Ordinal0 [0x00B9A459+1025113]
	Ordinal0 [0x00B938D1+997585]
	Ordinal0 [0x00B947F6+1001462]
	Ordinal0 [0x00B93D69+998761]
	Ordinal0 [0x00B94026+999462]
	Ordinal0 [0x00B93915+997653]
	Ordinal0 [0x00B9977C+1021820]
	Ordinal0 [0x00B938D1+997585]
	Ordinal0 [0x00B947F6+1001462]
	Ordinal0 [0x00B93D69+998761]
	Ordinal0 [0x00B94026+999462]
	Ordinal0 [0x00B93915+997653]
	Ordinal0 [0x00B8F42D+980013]
	Ordinal0 [0x00B938D1+997585]
	Ordinal0 [0x00B93670+996976]
	Ordinal0 [0x00B93409+996361]
	Ordinal0 [0x00BA36A0+1062560]
	Ordinal0 [0x00BEAA59+1354329]
	Ordinal0 [0x00BE967A+1349242]
	Ordinal0 [0x00BE5BEB+1334251]
	Ordinal0 [0x00BC2174+1188212]
	Ordinal0 [0x00BC3009+1191945]
	GetHandleVerifier [0x00E7EC5C+1511084]
	GetHandleVerifier [0x00F28522+2205554]
	GetHandleVerifier [0x00D83393+480739]
	GetHandleVerifier [0x00D82579+477129]
	Ordinal0 [0x00CA1E5D+2104925]
	Ordinal0 [0x00CA63F8+2122744]
	Ordinal0 [0x00CA6537+2123063]
	Ordinal0 [0x00CAEE53+2158163]
	BaseThreadInitThunk [0x76341174+18]
	RtlInitializeExceptionChain [0x777FB3F5+99]
	RtlInitializeExceptionChain [0x777FB3C8+54]

	at org.openqa.selenium.remote.W3CHandshakeResponse.lambda$errorHandler$0(W3CHandshakeResponse.java:62)
	at org.openqa.selenium.remote.HandshakeResponse.lambda$getResponseFunction$0(HandshakeResponse.java:30)
	at org.openqa.selenium.remote.ProtocolHandshake.lambda$createSession$0(ProtocolHandshake.java:126)
	at java.util.stream.ReferencePipeline$3$1.accept(Unknown Source)
	at java.util.Spliterators$ArraySpliterator.tryAdvance(Unknown Source)
	at java.util.stream.ReferencePipeline.forEachWithCancel(Unknown Source)
	at java.util.stream.AbstractPipeline.copyIntoWithCancel(Unknown Source)
	at java.util.stream.AbstractPipeline.copyInto(Unknown Source)
	at java.util.stream.AbstractPipeline.wrapAndCopyInto(Unknown Source)
	at java.util.stream.FindOps$FindOp.evaluateSequential(Unknown Source)
	at java.util.stream.AbstractPipeline.evaluate(Unknown Source)
	at java.util.stream.ReferencePipeline.findFirst(Unknown Source)
	at org.openqa.selenium.remote.ProtocolHandshake.createSession(ProtocolHandshake.java:128)
	at org.openqa.selenium.remote.ProtocolHandshake.createSession(ProtocolHandshake.java:74)
	at org.openqa.selenium.remote.HttpCommandExecutor.execute(HttpCommandExecutor.java:136)
	at org.openqa.selenium.remote.service.DriverCommandExecutor.execute(DriverCommandExecutor.java:83)
	at org.openqa.selenium.remote.RemoteWebDriver.execute(RemoteWebDriver.java:552)
	at org.openqa.selenium.remote.RemoteWebDriver.startSession(RemoteWebDriver.java:213)
	at org.openqa.selenium.remote.RemoteWebDriver.&lt;init&gt;(RemoteWebDriver.java:131)
	at org.openqa.selenium.chrome.ChromeDriver.&lt;init&gt;(ChromeDriver.java:181)
	at org.openqa.selenium.chrome.ChromeDriver.&lt;init&gt;(ChromeDriver.java:168)
	at org.openqa.selenium.chrome.ChromeDriver.&lt;init&gt;(ChromeDriver.java:123)
	at testNG.TC_08Array_Parallel_ChangeName.verifyAccount(TC_08Array_Parallel_ChangeName.java:32)
	at java.util.concurrent.FutureTask.run(Unknown Source)
	at java.util.concurrent.Executors$RunnableAdapter.call(Unknown Source)
	at java.util.concurrent.FutureTask.run(Unknown Source)
	at java.util.concurrent.ThreadPoolExecutor.runWorker(Unknown Source)
	at java.util.concurrent.ThreadPoolExecutor$Worker.run(Unknown Source)
	at java.lang.Thread.run(Unknown Source)
... Removed 13 stack frames</pre></div><a href='#' onClick='toggleBox("stack-trace24435292", this, "Click to show all stack frames", "Click to hide stack frames")'>Click to show all stack frames</a>
<div class='stack-trace' id='stack-trace24435292'><pre>org.openqa.selenium.SessionNotCreatedException: session not created
from disconnected: Unable to receive message from renderer
  (Session info: chrome=91.0.4472.106)
Build info: version: &apos;3.141.59&apos;, revision: &apos;e82be7d358&apos;, time: &apos;2018-11-14T08:25:53&apos;
System info: host: &apos;SOHAM-PC&apos;, ip: &apos;192.168.43.168&apos;, os.name: &apos;Windows 7&apos;, os.arch: &apos;x86&apos;, os.version: &apos;6.1&apos;, java.version: &apos;1.8.0_291&apos;
Driver info: driver.version: ChromeDriver
remote stacktrace: Backtrace:
	Ordinal0 [0x00D02DB3+2502067]
	Ordinal0 [0x00C9C5B1+2082225]
	Ordinal0 [0x00BA2498+1057944]
	Ordinal0 [0x00B94DE9+1002985]
	Ordinal0 [0x00B93D69+998761]
	Ordinal0 [0x00B94026+999462]
	Ordinal0 [0x00B93915+997653]
	Ordinal0 [0x00B9E534+1041716]
	Ordinal0 [0x00B938D1+997585]
	Ordinal0 [0x00B947F6+1001462]
	Ordinal0 [0x00B93D69+998761]
	Ordinal0 [0x00B94026+999462]
	Ordinal0 [0x00B93915+997653]
	Ordinal0 [0x00B9C5AA+1033642]
	Ordinal0 [0x00B938D1+997585]
	Ordinal0 [0x00B947F6+1001462]
	Ordinal0 [0x00B93D69+998761]
	Ordinal0 [0x00B94026+999462]
	Ordinal0 [0x00B93915+997653]
	Ordinal0 [0x00B9A459+1025113]
	Ordinal0 [0x00B938D1+997585]
	Ordinal0 [0x00B947F6+1001462]
	Ordinal0 [0x00B93D69+998761]
	Ordinal0 [0x00B94026+999462]
	Ordinal0 [0x00B93915+997653]
	Ordinal0 [0x00B9977C+1021820]
	Ordinal0 [0x00B938D1+997585]
	Ordinal0 [0x00B947F6+1001462]
	Ordinal0 [0x00B93D69+998761]
	Ordinal0 [0x00B94026+999462]
	Ordinal0 [0x00B93915+997653]
	Ordinal0 [0x00B8F42D+980013]
	Ordinal0 [0x00B938D1+997585]
	Ordinal0 [0x00B93670+996976]
	Ordinal0 [0x00B93409+996361]
	Ordinal0 [0x00BA36A0+1062560]
	Ordinal0 [0x00BEAA59+1354329]
	Ordinal0 [0x00BE967A+1349242]
	Ordinal0 [0x00BE5BEB+1334251]
	Ordinal0 [0x00BC2174+1188212]
	Ordinal0 [0x00BC3009+1191945]
	GetHandleVerifier [0x00E7EC5C+1511084]
	GetHandleVerifier [0x00F28522+2205554]
	GetHandleVerifier [0x00D83393+480739]
	GetHandleVerifier [0x00D82579+477129]
	Ordinal0 [0x00CA1E5D+2104925]
	Ordinal0 [0x00CA63F8+2122744]
	Ordinal0 [0x00CA6537+2123063]
	Ordinal0 [0x00CAEE53+2158163]
	BaseThreadInitThunk [0x76341174+18]
	RtlInitializeExceptionChain [0x777FB3F5+99]
	RtlInitializeExceptionChain [0x777FB3C8+54]

	at sun.reflect.NativeConstructorAccessorImpl.newInstance0(Native Method)
	at sun.reflect.NativeConstructorAccessorImpl.newInstance(Unknown Source)
	at sun.reflect.DelegatingConstructorAccessorImpl.newInstance(Unknown Source)
	at java.lang.reflect.Constructor.newInstance(Unknown Source)
	at org.openqa.selenium.remote.W3CHandshakeResponse.lambda$errorHandler$0(W3CHandshakeResponse.java:62)
	at org.openqa.selenium.remote.HandshakeResponse.lambda$getResponseFunction$0(HandshakeResponse.java:30)
	at org.openqa.selenium.remote.ProtocolHandshake.lambda$createSession$0(ProtocolHandshake.java:126)
	at java.util.stream.ReferencePipeline$3$1.accept(Unknown Source)
	at java.util.Spliterators$ArraySpliterator.tryAdvance(Unknown Source)
	at java.util.stream.ReferencePipeline.forEachWithCancel(Unknown Source)
	at java.util.stream.AbstractPipeline.copyIntoWithCancel(Unknown Source)
	at java.util.stream.AbstractPipeline.copyInto(Unknown Source)
	at java.util.stream.AbstractPipeline.wrapAndCopyInto(Unknown Source)
	at java.util.stream.FindOps$FindOp.evaluateSequential(Unknown Source)
	at java.util.stream.AbstractPipeline.evaluate(Unknown Source)
	at java.util.stream.ReferencePipeline.findFirst(Unknown Source)
	at org.openqa.selenium.remote.ProtocolHandshake.createSession(ProtocolHandshake.java:128)
	at org.openqa.selenium.remote.ProtocolHandshake.createSession(ProtocolHandshake.java:74)
	at org.openqa.selenium.remote.HttpCommandExecutor.execute(HttpCommandExecutor.java:136)
	at org.openqa.selenium.remote.service.DriverCommandExecutor.execute(DriverCommandExecutor.java:83)
	at org.openqa.selenium.remote.RemoteWebDriver.execute(RemoteWebDriver.java:552)
	at org.openqa.selenium.remote.RemoteWebDriver.startSession(RemoteWebDriver.java:213)
	at org.openqa.selenium.remote.RemoteWebDriver.&lt;init&gt;(RemoteWebDriver.java:131)
	at org.openqa.selenium.chrome.ChromeDriver.&lt;init&gt;(ChromeDriver.java:181)
	at org.openqa.selenium.chrome.ChromeDriver.&lt;init&gt;(ChromeDriver.java:168)
	at org.openqa.selenium.chrome.ChromeDriver.&lt;init&gt;(ChromeDriver.java:123)
	at testNG.TC_08Array_Parallel_ChangeName.verifyAccount(TC_08Array_Parallel_ChangeName.java:32)
	at sun.reflect.NativeMethodAccessorImpl.invoke0(Native Method)
	at sun.reflect.NativeMethodAccessorImpl.invoke(Unknown Source)
	at sun.reflect.DelegatingMethodAccessorImpl.invoke(Unknown Source)
	at java.lang.reflect.Method.invoke(Unknown Source)
	at org.testng.internal.MethodInvocationHelper.invokeMethod(MethodInvocationHelper.java:133)
	at org.testng.internal.TestInvoker.invokeMethod(TestInvoker.java:598)
	at org.testng.internal.TestInvoker.invokeTestMethod(TestInvoker.java:173)
	at org.testng.internal.TestMethodWithDataProviderMethodWorker.call(TestMethodWithDataProviderMethodWorker.java:77)
	at org.testng.internal.TestMethodWithDataProviderMethodWorker.call(TestMethodWithDataProviderMethodWorker.java:15)
	at java.util.concurrent.FutureTask.run(Unknown Source)
	at java.util.concurrent.Executors$RunnableAdapter.call(Unknown Source)
	at java.util.concurrent.FutureTask.run(Unknown Source)
	at java.util.concurrent.ThreadPoolExecutor.runWorker(Unknown Source)
	at java.util.concurrent.ThreadPoolExecutor$Worker.run(Unknown Source)
	at java.lang.Thread.run(Unknown Source)
</pre></div></td>
<td>14</td>
<td>testNG.TC_08Array_Parallel_ChangeName@e67e0a</td></tr>
<tr>
<td title='testNG.TC_08Array_Parallel_ChangeName.verifyAccount()'><b>verifyAccount</b><br>Test class: testNG.TC_08Array_Parallel_ChangeName<br>Parameters: [Ljava.lang.String;@106f20f</td>
<td><div><pre>org.openqa.selenium.SessionNotCreatedException: session not created
from disconnected: Unable to receive message from renderer
  (Session info: chrome=91.0.4472.106)
Build info: version: &apos;3.141.59&apos;, revision: &apos;e82be7d358&apos;, time: &apos;2018-11-14T08:25:53&apos;
System info: host: &apos;SOHAM-PC&apos;, ip: &apos;192.168.43.168&apos;, os.name: &apos;Windows 7&apos;, os.arch: &apos;x86&apos;, os.version: &apos;6.1&apos;, java.version: &apos;1.8.0_291&apos;
Driver info: driver.version: ChromeDriver
remote stacktrace: Backtrace:
	Ordinal0 [0x00D02DB3+2502067]
	Ordinal0 [0x00C9C5B1+2082225]
	Ordinal0 [0x00BA2498+1057944]
	Ordinal0 [0x00B94DE9+1002985]
	Ordinal0 [0x00B93D69+998761]
	Ordinal0 [0x00B94026+999462]
	Ordinal0 [0x00B93915+997653]
	Ordinal0 [0x00B9E534+1041716]
	Ordinal0 [0x00B938D1+997585]
	Ordinal0 [0x00B947F6+1001462]
	Ordinal0 [0x00B93D69+998761]
	Ordinal0 [0x00B94026+999462]
	Ordinal0 [0x00B93915+997653]
	Ordinal0 [0x00B9C5AA+1033642]
	Ordinal0 [0x00B938D1+997585]
	Ordinal0 [0x00B947F6+1001462]
	Ordinal0 [0x00B93D69+998761]
	Ordinal0 [0x00B94026+999462]
	Ordinal0 [0x00B93915+997653]
	Ordinal0 [0x00B9A459+1025113]
	Ordinal0 [0x00B938D1+997585]
	Ordinal0 [0x00B947F6+1001462]
	Ordinal0 [0x00B93D69+998761]
	Ordinal0 [0x00B94026+999462]
	Ordinal0 [0x00B93915+997653]
	Ordinal0 [0x00B9977C+1021820]
	Ordinal0 [0x00B938D1+997585]
	Ordinal0 [0x00B947F6+1001462]
	Ordinal0 [0x00B93D69+998761]
	Ordinal0 [0x00B94026+999462]
	Ordinal0 [0x00B93915+997653]
	Ordinal0 [0x00B8F42D+980013]
	Ordinal0 [0x00B938D1+997585]
	Ordinal0 [0x00B93670+996976]
	Ordinal0 [0x00B93409+996361]
	Ordinal0 [0x00BA36A0+1062560]
	Ordinal0 [0x00BEAA59+1354329]
	Ordinal0 [0x00BE967A+1349242]
	Ordinal0 [0x00BE5BEB+1334251]
	Ordinal0 [0x00BC2174+1188212]
	Ordinal0 [0x00BC3009+1191945]
	GetHandleVerifier [0x00E7EC5C+1511084]
	GetHandleVerifier [0x00F28522+2205554]
	GetHandleVerifier [0x00D83393+480739]
	GetHandleVerifier [0x00D82579+477129]
	Ordinal0 [0x00CA1E5D+2104925]
	Ordinal0 [0x00CA63F8+2122744]
	Ordinal0 [0x00CA6537+2123063]
	Ordinal0 [0x00CAEE53+2158163]
	BaseThreadInitThunk [0x76341174+18]
	RtlInitializeExceptionChain [0x777FB3F5+99]
	RtlInitializeExceptionChain [0x777FB3C8+54]

	at org.openqa.selenium.remote.W3CHandshakeResponse.lambda$errorHandler$0(W3CHandshakeResponse.java:62)
	at org.openqa.selenium.remote.HandshakeResponse.lambda$getResponseFunction$0(HandshakeResponse.java:30)
	at org.openqa.selenium.remote.ProtocolHandshake.lambda$createSession$0(ProtocolHandshake.java:126)
	at java.util.stream.ReferencePipeline$3$1.accept(Unknown Source)
	at java.util.Spliterators$ArraySpliterator.tryAdvance(Unknown Source)
	at java.util.stream.ReferencePipeline.forEachWithCancel(Unknown Source)
	at java.util.stream.AbstractPipeline.copyIntoWithCancel(Unknown Source)
	at java.util.stream.AbstractPipeline.copyInto(Unknown Source)
	at java.util.stream.AbstractPipeline.wrapAndCopyInto(Unknown Source)
	at java.util.stream.FindOps$FindOp.evaluateSequential(Unknown Source)
	at java.util.stream.AbstractPipeline.evaluate(Unknown Source)
	at java.util.stream.ReferencePipeline.findFirst(Unknown Source)
	at org.openqa.selenium.remote.ProtocolHandshake.createSession(ProtocolHandshake.java:128)
	at org.openqa.selenium.remote.ProtocolHandshake.createSession(ProtocolHandshake.java:74)
	at org.openqa.selenium.remote.HttpCommandExecutor.execute(HttpCommandExecutor.java:136)
	at org.openqa.selenium.remote.service.DriverCommandExecutor.execute(DriverCommandExecutor.java:83)
	at org.openqa.selenium.remote.RemoteWebDriver.execute(RemoteWebDriver.java:552)
	at org.openqa.selenium.remote.RemoteWebDriver.startSession(RemoteWebDriver.java:213)
	at org.openqa.selenium.remote.RemoteWebDriver.&lt;init&gt;(RemoteWebDriver.java:131)
	at org.openqa.selenium.chrome.ChromeDriver.&lt;init&gt;(ChromeDriver.java:181)
	at org.openqa.selenium.chrome.ChromeDriver.&lt;init&gt;(ChromeDriver.java:168)
	at org.openqa.selenium.chrome.ChromeDriver.&lt;init&gt;(ChromeDriver.java:123)
	at testNG.TC_08Array_Parallel_ChangeName.verifyAccount(TC_08Array_Parallel_ChangeName.java:32)
	at java.util.concurrent.FutureTask.run(Unknown Source)
	at java.util.concurrent.Executors$RunnableAdapter.call(Unknown Source)
	at java.util.concurrent.FutureTask.run(Unknown Source)
	at java.util.concurrent.ThreadPoolExecutor.runWorker(Unknown Source)
	at java.util.concurrent.ThreadPoolExecutor$Worker.run(Unknown Source)
	at java.lang.Thread.run(Unknown Source)
... Removed 13 stack frames</pre></div><a href='#' onClick='toggleBox("stack-trace1176619", this, "Click to show all stack frames", "Click to hide stack frames")'>Click to show all stack frames</a>
<div class='stack-trace' id='stack-trace1176619'><pre>org.openqa.selenium.SessionNotCreatedException: session not created
from disconnected: Unable to receive message from renderer
  (Session info: chrome=91.0.4472.106)
Build info: version: &apos;3.141.59&apos;, revision: &apos;e82be7d358&apos;, time: &apos;2018-11-14T08:25:53&apos;
System info: host: &apos;SOHAM-PC&apos;, ip: &apos;192.168.43.168&apos;, os.name: &apos;Windows 7&apos;, os.arch: &apos;x86&apos;, os.version: &apos;6.1&apos;, java.version: &apos;1.8.0_291&apos;
Driver info: driver.version: ChromeDriver
remote stacktrace: Backtrace:
	Ordinal0 [0x00D02DB3+2502067]
	Ordinal0 [0x00C9C5B1+2082225]
	Ordinal0 [0x00BA2498+1057944]
	Ordinal0 [0x00B94DE9+1002985]
	Ordinal0 [0x00B93D69+998761]
	Ordinal0 [0x00B94026+999462]
	Ordinal0 [0x00B93915+997653]
	Ordinal0 [0x00B9E534+1041716]
	Ordinal0 [0x00B938D1+997585]
	Ordinal0 [0x00B947F6+1001462]
	Ordinal0 [0x00B93D69+998761]
	Ordinal0 [0x00B94026+999462]
	Ordinal0 [0x00B93915+997653]
	Ordinal0 [0x00B9C5AA+1033642]
	Ordinal0 [0x00B938D1+997585]
	Ordinal0 [0x00B947F6+1001462]
	Ordinal0 [0x00B93D69+998761]
	Ordinal0 [0x00B94026+999462]
	Ordinal0 [0x00B93915+997653]
	Ordinal0 [0x00B9A459+1025113]
	Ordinal0 [0x00B938D1+997585]
	Ordinal0 [0x00B947F6+1001462]
	Ordinal0 [0x00B93D69+998761]
	Ordinal0 [0x00B94026+999462]
	Ordinal0 [0x00B93915+997653]
	Ordinal0 [0x00B9977C+1021820]
	Ordinal0 [0x00B938D1+997585]
	Ordinal0 [0x00B947F6+1001462]
	Ordinal0 [0x00B93D69+998761]
	Ordinal0 [0x00B94026+999462]
	Ordinal0 [0x00B93915+997653]
	Ordinal0 [0x00B8F42D+980013]
	Ordinal0 [0x00B938D1+997585]
	Ordinal0 [0x00B93670+996976]
	Ordinal0 [0x00B93409+996361]
	Ordinal0 [0x00BA36A0+1062560]
	Ordinal0 [0x00BEAA59+1354329]
	Ordinal0 [0x00BE967A+1349242]
	Ordinal0 [0x00BE5BEB+1334251]
	Ordinal0 [0x00BC2174+1188212]
	Ordinal0 [0x00BC3009+1191945]
	GetHandleVerifier [0x00E7EC5C+1511084]
	GetHandleVerifier [0x00F28522+2205554]
	GetHandleVerifier [0x00D83393+480739]
	GetHandleVerifier [0x00D82579+477129]
	Ordinal0 [0x00CA1E5D+2104925]
	Ordinal0 [0x00CA63F8+2122744]
	Ordinal0 [0x00CA6537+2123063]
	Ordinal0 [0x00CAEE53+2158163]
	BaseThreadInitThunk [0x76341174+18]
	RtlInitializeExceptionChain [0x777FB3F5+99]
	RtlInitializeExceptionChain [0x777FB3C8+54]

	at sun.reflect.NativeConstructorAccessorImpl.newInstance0(Native Method)
	at sun.reflect.NativeConstructorAccessorImpl.newInstance(Unknown Source)
	at sun.reflect.DelegatingConstructorAccessorImpl.newInstance(Unknown Source)
	at java.lang.reflect.Constructor.newInstance(Unknown Source)
	at org.openqa.selenium.remote.W3CHandshakeResponse.lambda$errorHandler$0(W3CHandshakeResponse.java:62)
	at org.openqa.selenium.remote.HandshakeResponse.lambda$getResponseFunction$0(HandshakeResponse.java:30)
	at org.openqa.selenium.remote.ProtocolHandshake.lambda$createSession$0(ProtocolHandshake.java:126)
	at java.util.stream.ReferencePipeline$3$1.accept(Unknown Source)
	at java.util.Spliterators$ArraySpliterator.tryAdvance(Unknown Source)
	at java.util.stream.ReferencePipeline.forEachWithCancel(Unknown Source)
	at java.util.stream.AbstractPipeline.copyIntoWithCancel(Unknown Source)
	at java.util.stream.AbstractPipeline.copyInto(Unknown Source)
	at java.util.stream.AbstractPipeline.wrapAndCopyInto(Unknown Source)
	at java.util.stream.FindOps$FindOp.evaluateSequential(Unknown Source)
	at java.util.stream.AbstractPipeline.evaluate(Unknown Source)
	at java.util.stream.ReferencePipeline.findFirst(Unknown Source)
	at org.openqa.selenium.remote.ProtocolHandshake.createSession(ProtocolHandshake.java:128)
	at org.openqa.selenium.remote.ProtocolHandshake.createSession(ProtocolHandshake.java:74)
	at org.openqa.selenium.remote.HttpCommandExecutor.execute(HttpCommandExecutor.java:136)
	at org.openqa.selenium.remote.service.DriverCommandExecutor.execute(DriverCommandExecutor.java:83)
	at org.openqa.selenium.remote.RemoteWebDriver.execute(RemoteWebDriver.java:552)
	at org.openqa.selenium.remote.RemoteWebDriver.startSession(RemoteWebDriver.java:213)
	at org.openqa.selenium.remote.RemoteWebDriver.&lt;init&gt;(RemoteWebDriver.java:131)
	at org.openqa.selenium.chrome.ChromeDriver.&lt;init&gt;(ChromeDriver.java:181)
	at org.openqa.selenium.chrome.ChromeDriver.&lt;init&gt;(ChromeDriver.java:168)
	at org.openqa.selenium.chrome.ChromeDriver.&lt;init&gt;(ChromeDriver.java:123)
	at testNG.TC_08Array_Parallel_ChangeName.verifyAccount(TC_08Array_Parallel_ChangeName.java:32)
	at sun.reflect.NativeMethodAccessorImpl.invoke0(Native Method)
	at sun.reflect.NativeMethodAccessorImpl.invoke(Unknown Source)
	at sun.reflect.DelegatingMethodAccessorImpl.invoke(Unknown Source)
	at java.lang.reflect.Method.invoke(Unknown Source)
	at org.testng.internal.MethodInvocationHelper.invokeMethod(MethodInvocationHelper.java:133)
	at org.testng.internal.TestInvoker.invokeMethod(TestInvoker.java:598)
	at org.testng.internal.TestInvoker.invokeTestMethod(TestInvoker.java:173)
	at org.testng.internal.TestMethodWithDataProviderMethodWorker.call(TestMethodWithDataProviderMethodWorker.java:77)
	at org.testng.internal.TestMethodWithDataProviderMethodWorker.call(TestMethodWithDataProviderMethodWorker.java:15)
	at java.util.concurrent.FutureTask.run(Unknown Source)
	at java.util.concurrent.Executors$RunnableAdapter.call(Unknown Source)
	at java.util.concurrent.FutureTask.run(Unknown Source)
	at java.util.concurrent.ThreadPoolExecutor.runWorker(Unknown Source)
	at java.util.concurrent.ThreadPoolExecutor$Worker.run(Unknown Source)
	at java.lang.Thread.run(Unknown Source)
</pre></div></td>
<td>14</td>
<td>testNG.TC_08Array_Parallel_ChangeName@e67e0a</td></tr>
<tr>
<td title='testNG.TC_08Array_Parallel_ChangeName.verifyAccount()'><b>verifyAccount</b><br>Test class: testNG.TC_08Array_Parallel_ChangeName<br>Parameters: [Ljava.lang.String;@1a5b70d</td>
<td><div><pre>org.openqa.selenium.SessionNotCreatedException: session not created
from disconnected: Unable to receive message from renderer
  (Session info: chrome=91.0.4472.106)
Build info: version: &apos;3.141.59&apos;, revision: &apos;e82be7d358&apos;, time: &apos;2018-11-14T08:25:53&apos;
System info: host: &apos;SOHAM-PC&apos;, ip: &apos;192.168.43.168&apos;, os.name: &apos;Windows 7&apos;, os.arch: &apos;x86&apos;, os.version: &apos;6.1&apos;, java.version: &apos;1.8.0_291&apos;
Driver info: driver.version: ChromeDriver
remote stacktrace: Backtrace:
	Ordinal0 [0x00D02DB3+2502067]
	Ordinal0 [0x00C9C5B1+2082225]
	Ordinal0 [0x00BA2498+1057944]
	Ordinal0 [0x00B94DE9+1002985]
	Ordinal0 [0x00B93D69+998761]
	Ordinal0 [0x00B94026+999462]
	Ordinal0 [0x00B93915+997653]
	Ordinal0 [0x00B9E534+1041716]
	Ordinal0 [0x00B938D1+997585]
	Ordinal0 [0x00B947F6+1001462]
	Ordinal0 [0x00B93D69+998761]
	Ordinal0 [0x00B94026+999462]
	Ordinal0 [0x00B93915+997653]
	Ordinal0 [0x00B9C5AA+1033642]
	Ordinal0 [0x00B938D1+997585]
	Ordinal0 [0x00B947F6+1001462]
	Ordinal0 [0x00B93D69+998761]
	Ordinal0 [0x00B94026+999462]
	Ordinal0 [0x00B93915+997653]
	Ordinal0 [0x00B9A459+1025113]
	Ordinal0 [0x00B938D1+997585]
	Ordinal0 [0x00B947F6+1001462]
	Ordinal0 [0x00B93D69+998761]
	Ordinal0 [0x00B94026+999462]
	Ordinal0 [0x00B93915+997653]
	Ordinal0 [0x00B9977C+1021820]
	Ordinal0 [0x00B938D1+997585]
	Ordinal0 [0x00B947F6+1001462]
	Ordinal0 [0x00B93D69+998761]
	Ordinal0 [0x00B94026+999462]
	Ordinal0 [0x00B93915+997653]
	Ordinal0 [0x00B8F42D+980013]
	Ordinal0 [0x00B938D1+997585]
	Ordinal0 [0x00B93670+996976]
	Ordinal0 [0x00B93409+996361]
	Ordinal0 [0x00BA36A0+1062560]
	Ordinal0 [0x00BEAA59+1354329]
	Ordinal0 [0x00BE967A+1349242]
	Ordinal0 [0x00BE5BEB+1334251]
	Ordinal0 [0x00BC2174+1188212]
	Ordinal0 [0x00BC3009+1191945]
	GetHandleVerifier [0x00E7EC5C+1511084]
	GetHandleVerifier [0x00F28522+2205554]
	GetHandleVerifier [0x00D83393+480739]
	GetHandleVerifier [0x00D82579+477129]
	Ordinal0 [0x00CA1E5D+2104925]
	Ordinal0 [0x00CA63F8+2122744]
	Ordinal0 [0x00CA6537+2123063]
	Ordinal0 [0x00CAEE53+2158163]
	BaseThreadInitThunk [0x76341174+18]
	RtlInitializeExceptionChain [0x777FB3F5+99]
	RtlInitializeExceptionChain [0x777FB3C8+54]

	at org.openqa.selenium.remote.W3CHandshakeResponse.lambda$errorHandler$0(W3CHandshakeResponse.java:62)
	at org.openqa.selenium.remote.HandshakeResponse.lambda$getResponseFunction$0(HandshakeResponse.java:30)
	at org.openqa.selenium.remote.ProtocolHandshake.lambda$createSession$0(ProtocolHandshake.java:126)
	at java.util.stream.ReferencePipeline$3$1.accept(Unknown Source)
	at java.util.Spliterators$ArraySpliterator.tryAdvance(Unknown Source)
	at java.util.stream.ReferencePipeline.forEachWithCancel(Unknown Source)
	at java.util.stream.AbstractPipeline.copyIntoWithCancel(Unknown Source)
	at java.util.stream.AbstractPipeline.copyInto(Unknown Source)
	at java.util.stream.AbstractPipeline.wrapAndCopyInto(Unknown Source)
	at java.util.stream.FindOps$FindOp.evaluateSequential(Unknown Source)
	at java.util.stream.AbstractPipeline.evaluate(Unknown Source)
	at java.util.stream.ReferencePipeline.findFirst(Unknown Source)
	at org.openqa.selenium.remote.ProtocolHandshake.createSession(ProtocolHandshake.java:128)
	at org.openqa.selenium.remote.ProtocolHandshake.createSession(ProtocolHandshake.java:74)
	at org.openqa.selenium.remote.HttpCommandExecutor.execute(HttpCommandExecutor.java:136)
	at org.openqa.selenium.remote.service.DriverCommandExecutor.execute(DriverCommandExecutor.java:83)
	at org.openqa.selenium.remote.RemoteWebDriver.execute(RemoteWebDriver.java:552)
	at org.openqa.selenium.remote.RemoteWebDriver.startSession(RemoteWebDriver.java:213)
	at org.openqa.selenium.remote.RemoteWebDriver.&lt;init&gt;(RemoteWebDriver.java:131)
	at org.openqa.selenium.chrome.ChromeDriver.&lt;init&gt;(ChromeDriver.java:181)
	at org.openqa.selenium.chrome.ChromeDriver.&lt;init&gt;(ChromeDriver.java:168)
	at org.openqa.selenium.chrome.ChromeDriver.&lt;init&gt;(ChromeDriver.java:123)
	at testNG.TC_08Array_Parallel_ChangeName.verifyAccount(TC_08Array_Parallel_ChangeName.java:32)
	at java.util.concurrent.FutureTask.run(Unknown Source)
	at java.util.concurrent.Executors$RunnableAdapter.call(Unknown Source)
	at java.util.concurrent.FutureTask.run(Unknown Source)
	at java.util.concurrent.ThreadPoolExecutor.runWorker(Unknown Source)
	at java.util.concurrent.ThreadPoolExecutor$Worker.run(Unknown Source)
	at java.lang.Thread.run(Unknown Source)
... Removed 13 stack frames</pre></div><a href='#' onClick='toggleBox("stack-trace37005", this, "Click to show all stack frames", "Click to hide stack frames")'>Click to show all stack frames</a>
<div class='stack-trace' id='stack-trace37005'><pre>org.openqa.selenium.SessionNotCreatedException: session not created
from disconnected: Unable to receive message from renderer
  (Session info: chrome=91.0.4472.106)
Build info: version: &apos;3.141.59&apos;, revision: &apos;e82be7d358&apos;, time: &apos;2018-11-14T08:25:53&apos;
System info: host: &apos;SOHAM-PC&apos;, ip: &apos;192.168.43.168&apos;, os.name: &apos;Windows 7&apos;, os.arch: &apos;x86&apos;, os.version: &apos;6.1&apos;, java.version: &apos;1.8.0_291&apos;
Driver info: driver.version: ChromeDriver
remote stacktrace: Backtrace:
	Ordinal0 [0x00D02DB3+2502067]
	Ordinal0 [0x00C9C5B1+2082225]
	Ordinal0 [0x00BA2498+1057944]
	Ordinal0 [0x00B94DE9+1002985]
	Ordinal0 [0x00B93D69+998761]
	Ordinal0 [0x00B94026+999462]
	Ordinal0 [0x00B93915+997653]
	Ordinal0 [0x00B9E534+1041716]
	Ordinal0 [0x00B938D1+997585]
	Ordinal0 [0x00B947F6+1001462]
	Ordinal0 [0x00B93D69+998761]
	Ordinal0 [0x00B94026+999462]
	Ordinal0 [0x00B93915+997653]
	Ordinal0 [0x00B9C5AA+1033642]
	Ordinal0 [0x00B938D1+997585]
	Ordinal0 [0x00B947F6+1001462]
	Ordinal0 [0x00B93D69+998761]
	Ordinal0 [0x00B94026+999462]
	Ordinal0 [0x00B93915+997653]
	Ordinal0 [0x00B9A459+1025113]
	Ordinal0 [0x00B938D1+997585]
	Ordinal0 [0x00B947F6+1001462]
	Ordinal0 [0x00B93D69+998761]
	Ordinal0 [0x00B94026+999462]
	Ordinal0 [0x00B93915+997653]
	Ordinal0 [0x00B9977C+1021820]
	Ordinal0 [0x00B938D1+997585]
	Ordinal0 [0x00B947F6+1001462]
	Ordinal0 [0x00B93D69+998761]
	Ordinal0 [0x00B94026+999462]
	Ordinal0 [0x00B93915+997653]
	Ordinal0 [0x00B8F42D+980013]
	Ordinal0 [0x00B938D1+997585]
	Ordinal0 [0x00B93670+996976]
	Ordinal0 [0x00B93409+996361]
	Ordinal0 [0x00BA36A0+1062560]
	Ordinal0 [0x00BEAA59+1354329]
	Ordinal0 [0x00BE967A+1349242]
	Ordinal0 [0x00BE5BEB+1334251]
	Ordinal0 [0x00BC2174+1188212]
	Ordinal0 [0x00BC3009+1191945]
	GetHandleVerifier [0x00E7EC5C+1511084]
	GetHandleVerifier [0x00F28522+2205554]
	GetHandleVerifier [0x00D83393+480739]
	GetHandleVerifier [0x00D82579+477129]
	Ordinal0 [0x00CA1E5D+2104925]
	Ordinal0 [0x00CA63F8+2122744]
	Ordinal0 [0x00CA6537+2123063]
	Ordinal0 [0x00CAEE53+2158163]
	BaseThreadInitThunk [0x76341174+18]
	RtlInitializeExceptionChain [0x777FB3F5+99]
	RtlInitializeExceptionChain [0x777FB3C8+54]

	at sun.reflect.NativeConstructorAccessorImpl.newInstance0(Native Method)
	at sun.reflect.NativeConstructorAccessorImpl.newInstance(Unknown Source)
	at sun.reflect.DelegatingConstructorAccessorImpl.newInstance(Unknown Source)
	at java.lang.reflect.Constructor.newInstance(Unknown Source)
	at org.openqa.selenium.remote.W3CHandshakeResponse.lambda$errorHandler$0(W3CHandshakeResponse.java:62)
	at org.openqa.selenium.remote.HandshakeResponse.lambda$getResponseFunction$0(HandshakeResponse.java:30)
	at org.openqa.selenium.remote.ProtocolHandshake.lambda$createSession$0(ProtocolHandshake.java:126)
	at java.util.stream.ReferencePipeline$3$1.accept(Unknown Source)
	at java.util.Spliterators$ArraySpliterator.tryAdvance(Unknown Source)
	at java.util.stream.ReferencePipeline.forEachWithCancel(Unknown Source)
	at java.util.stream.AbstractPipeline.copyIntoWithCancel(Unknown Source)
	at java.util.stream.AbstractPipeline.copyInto(Unknown Source)
	at java.util.stream.AbstractPipeline.wrapAndCopyInto(Unknown Source)
	at java.util.stream.FindOps$FindOp.evaluateSequential(Unknown Source)
	at java.util.stream.AbstractPipeline.evaluate(Unknown Source)
	at java.util.stream.ReferencePipeline.findFirst(Unknown Source)
	at org.openqa.selenium.remote.ProtocolHandshake.createSession(ProtocolHandshake.java:128)
	at org.openqa.selenium.remote.ProtocolHandshake.createSession(ProtocolHandshake.java:74)
	at org.openqa.selenium.remote.HttpCommandExecutor.execute(HttpCommandExecutor.java:136)
	at org.openqa.selenium.remote.service.DriverCommandExecutor.execute(DriverCommandExecutor.java:83)
	at org.openqa.selenium.remote.RemoteWebDriver.execute(RemoteWebDriver.java:552)
	at org.openqa.selenium.remote.RemoteWebDriver.startSession(RemoteWebDriver.java:213)
	at org.openqa.selenium.remote.RemoteWebDriver.&lt;init&gt;(RemoteWebDriver.java:131)
	at org.openqa.selenium.chrome.ChromeDriver.&lt;init&gt;(ChromeDriver.java:181)
	at org.openqa.selenium.chrome.ChromeDriver.&lt;init&gt;(ChromeDriver.java:168)
	at org.openqa.selenium.chrome.ChromeDriver.&lt;init&gt;(ChromeDriver.java:123)
	at testNG.TC_08Array_Parallel_ChangeName.verifyAccount(TC_08Array_Parallel_ChangeName.java:32)
	at sun.reflect.NativeMethodAccessorImpl.invoke0(Native Method)
	at sun.reflect.NativeMethodAccessorImpl.invoke(Unknown Source)
	at sun.reflect.DelegatingMethodAccessorImpl.invoke(Unknown Source)
	at java.lang.reflect.Method.invoke(Unknown Source)
	at org.testng.internal.MethodInvocationHelper.invokeMethod(MethodInvocationHelper.java:133)
	at org.testng.internal.TestInvoker.invokeMethod(TestInvoker.java:598)
	at org.testng.internal.TestInvoker.invokeTestMethod(TestInvoker.java:173)
	at org.testng.internal.TestMethodWithDataProviderMethodWorker.call(TestMethodWithDataProviderMethodWorker.java:77)
	at org.testng.internal.TestMethodWithDataProviderMethodWorker.call(TestMethodWithDataProviderMethodWorker.java:15)
	at java.util.concurrent.FutureTask.run(Unknown Source)
	at java.util.concurrent.Executors$RunnableAdapter.call(Unknown Source)
	at java.util.concurrent.FutureTask.run(Unknown Source)
	at java.util.concurrent.ThreadPoolExecutor.runWorker(Unknown Source)
	at java.util.concurrent.ThreadPoolExecutor$Worker.run(Unknown Source)
	at java.lang.Thread.run(Unknown Source)
</pre></div></td>
<td>14</td>
<td>testNG.TC_08Array_Parallel_ChangeName@e67e0a</td></tr>
</table><p>
<table width='100%' border='1' class='invocation-passed'>
<tr><td colspan='4' align='center'><b>PASSED TESTS</b></td></tr>
<tr><td><b>Test method</b></td>
<td width="30%"><b>Exception</b></td>
<td width="10%"><b>Time (seconds)</b></td>
<td><b>Instance</b></td>
</tr>
<tr>
<td title='testNG.TC_07DoubleArray.verifuAccount()'><b>verifuAccount</b><br>Test class: testNG.TC_07DoubleArray<br>Parameters: [Ljava.lang.String;@4fd310</td>
<td></td>
<td>94</td>
<td>testNG.TC_07DoubleArray@16eabae</td></tr>
<tr>
<td title='testNG.TC_07DoubleArray.verifuAccount()'><b>verifuAccount</b><br>Test class: testNG.TC_07DoubleArray<br>Parameters: [Ljava.lang.String;@45193b</td>
<td></td>
<td>122</td>
<td>testNG.TC_07DoubleArray@16eabae</td></tr>
</table><p>
<table width='100%' border='1' class='invocation-skipped'>
<tr><td colspan='4' align='center'><b>SKIPPED TESTS</b></td></tr>
<tr><td><b>Test method</b></td>
<td width="30%"><b>Exception</b></td>
<td width="10%"><b>Time (seconds)</b></td>
<td><b>Instance</b></td>
</tr>
<tr>
<td title='testNG.TC_09TestExtend.test1()'><b>test1</b><br>Test class: testNG.TC_09TestExtend</td>
<td><div><pre>org.openqa.selenium.WebDriverException: unknown error: cannot determine loading status
from disconnected: Unable to receive message from renderer
  (Session info: chrome=91.0.4472.106)
Build info: version: &apos;3.141.59&apos;, revision: &apos;e82be7d358&apos;, time: &apos;2018-11-14T08:25:53&apos;
System info: host: &apos;SOHAM-PC&apos;, ip: &apos;192.168.43.168&apos;, os.name: &apos;Windows 7&apos;, os.arch: &apos;x86&apos;, os.version: &apos;6.1&apos;, java.version: &apos;1.8.0_291&apos;
Driver info: org.openqa.selenium.chrome.ChromeDriver
Capabilities {acceptInsecureCerts: false, browserName: chrome, browserVersion: 91.0.4472.106, chrome: {chromedriverVersion: 91.0.4472.19 (1bf021f248676..., userDataDir: C:\Users\SOHAM\AppData\Loca...}, goog:chromeOptions: {debuggerAddress: localhost:57361}, javascriptEnabled: true, networkConnectionEnabled: false, pageLoadStrategy: normal, platform: WINDOWS, platformName: WINDOWS, proxy: Proxy(), setWindowRect: true, strictFileInteractability: false, timeouts: {implicit: 0, pageLoad: 300000, script: 30000}, unhandledPromptBehavior: dismiss and notify, webauthn:extension:largeBlob: true, webauthn:virtualAuthenticators: true}
Session ID: 83d1c62970cdfee9a2aff41c1c9c7fbc
	at org.openqa.selenium.remote.http.W3CHttpResponseCodec.createException(W3CHttpResponseCodec.java:187)
	at org.openqa.selenium.remote.http.W3CHttpResponseCodec.decode(W3CHttpResponseCodec.java:122)
	at org.openqa.selenium.remote.http.W3CHttpResponseCodec.decode(W3CHttpResponseCodec.java:49)
	at org.openqa.selenium.remote.HttpCommandExecutor.execute(HttpCommandExecutor.java:158)
	at org.openqa.selenium.remote.service.DriverCommandExecutor.execute(DriverCommandExecutor.java:83)
	at org.openqa.selenium.remote.RemoteWebDriver.execute(RemoteWebDriver.java:552)
	at org.openqa.selenium.remote.RemoteWebDriver.get(RemoteWebDriver.java:277)
	at testNG.BaseClass.beforemethod(BaseClass.java:54)
	at java.util.ArrayList.forEach(Unknown Source)
... Removed 35 stack frames</pre></div><a href='#' onClick='toggleBox("stack-trace857903", this, "Click to show all stack frames", "Click to hide stack frames")'>Click to show all stack frames</a>
<div class='stack-trace' id='stack-trace857903'><pre>org.openqa.selenium.WebDriverException: unknown error: cannot determine loading status
from disconnected: Unable to receive message from renderer
  (Session info: chrome=91.0.4472.106)
Build info: version: &apos;3.141.59&apos;, revision: &apos;e82be7d358&apos;, time: &apos;2018-11-14T08:25:53&apos;
System info: host: &apos;SOHAM-PC&apos;, ip: &apos;192.168.43.168&apos;, os.name: &apos;Windows 7&apos;, os.arch: &apos;x86&apos;, os.version: &apos;6.1&apos;, java.version: &apos;1.8.0_291&apos;
Driver info: org.openqa.selenium.chrome.ChromeDriver
Capabilities {acceptInsecureCerts: false, browserName: chrome, browserVersion: 91.0.4472.106, chrome: {chromedriverVersion: 91.0.4472.19 (1bf021f248676..., userDataDir: C:\Users\SOHAM\AppData\Loca...}, goog:chromeOptions: {debuggerAddress: localhost:57361}, javascriptEnabled: true, networkConnectionEnabled: false, pageLoadStrategy: normal, platform: WINDOWS, platformName: WINDOWS, proxy: Proxy(), setWindowRect: true, strictFileInteractability: false, timeouts: {implicit: 0, pageLoad: 300000, script: 30000}, unhandledPromptBehavior: dismiss and notify, webauthn:extension:largeBlob: true, webauthn:virtualAuthenticators: true}
Session ID: 83d1c62970cdfee9a2aff41c1c9c7fbc
	at sun.reflect.NativeConstructorAccessorImpl.newInstance0(Native Method)
	at sun.reflect.NativeConstructorAccessorImpl.newInstance(Unknown Source)
	at sun.reflect.DelegatingConstructorAccessorImpl.newInstance(Unknown Source)
	at java.lang.reflect.Constructor.newInstance(Unknown Source)
	at org.openqa.selenium.remote.http.W3CHttpResponseCodec.createException(W3CHttpResponseCodec.java:187)
	at org.openqa.selenium.remote.http.W3CHttpResponseCodec.decode(W3CHttpResponseCodec.java:122)
	at org.openqa.selenium.remote.http.W3CHttpResponseCodec.decode(W3CHttpResponseCodec.java:49)
	at org.openqa.selenium.remote.HttpCommandExecutor.execute(HttpCommandExecutor.java:158)
	at org.openqa.selenium.remote.service.DriverCommandExecutor.execute(DriverCommandExecutor.java:83)
	at org.openqa.selenium.remote.RemoteWebDriver.execute(RemoteWebDriver.java:552)
	at org.openqa.selenium.remote.RemoteWebDriver.get(RemoteWebDriver.java:277)
	at testNG.BaseClass.beforemethod(BaseClass.java:54)
	at sun.reflect.NativeMethodAccessorImpl.invoke0(Native Method)
	at sun.reflect.NativeMethodAccessorImpl.invoke(Unknown Source)
	at sun.reflect.DelegatingMethodAccessorImpl.invoke(Unknown Source)
	at java.lang.reflect.Method.invoke(Unknown Source)
	at org.testng.internal.MethodInvocationHelper.invokeMethod(MethodInvocationHelper.java:133)
	at org.testng.internal.MethodInvocationHelper.invokeMethodConsideringTimeout(MethodInvocationHelper.java:62)
	at org.testng.internal.ConfigInvoker.invokeConfigurationMethod(ConfigInvoker.java:385)
	at org.testng.internal.ConfigInvoker.invokeConfigurations(ConfigInvoker.java:321)
	at org.testng.internal.TestInvoker.runConfigMethods(TestInvoker.java:700)
	at org.testng.internal.TestInvoker.invokeMethod(TestInvoker.java:527)
	at org.testng.internal.TestInvoker.invokeTestMethod(TestInvoker.java:173)
	at org.testng.internal.MethodRunner.runInSequence(MethodRunner.java:46)
	at org.testng.internal.TestInvoker$MethodInvocationAgent.invoke(TestInvoker.java:824)
	at org.testng.internal.TestInvoker.invokeTestMethods(TestInvoker.java:146)
	at org.testng.internal.TestMethodWorker.invokeTestMethods(TestMethodWorker.java:146)
	at org.testng.internal.TestMethodWorker.run(TestMethodWorker.java:128)
	at java.util.ArrayList.forEach(Unknown Source)
	at org.testng.TestRunner.privateRun(TestRunner.java:794)
	at org.testng.TestRunner.run(TestRunner.java:596)
	at org.testng.SuiteRunner.runTest(SuiteRunner.java:377)
	at org.testng.SuiteRunner.runSequentially(SuiteRunner.java:371)
	at org.testng.SuiteRunner.privateRun(SuiteRunner.java:332)
	at org.testng.SuiteRunner.run(SuiteRunner.java:276)
	at org.testng.SuiteRunnerWorker.runSuite(SuiteRunnerWorker.java:53)
	at org.testng.SuiteRunnerWorker.run(SuiteRunnerWorker.java:96)
	at org.testng.TestNG.runSuitesSequentially(TestNG.java:1212)
	at org.testng.TestNG.runSuitesLocally(TestNG.java:1134)
	at org.testng.TestNG.runSuites(TestNG.java:1063)
	at org.testng.TestNG.run(TestNG.java:1031)
	at org.testng.remote.AbstractRemoteTestNG.run(AbstractRemoteTestNG.java:115)
	at org.testng.remote.RemoteTestNG.initAndRun(RemoteTestNG.java:251)
	at org.testng.remote.RemoteTestNG.main(RemoteTestNG.java:77)
</pre></div></td>
<td>0</td>
<td>testNG.TC_09TestExtend@43fe0e</td></tr>
</table><p>
</body>
</html>