<?xml version="1.0" encoding="UTF-8"?>
<!-- Generated by org.testng.reporters.JUnitXMLReporter -->
<testsuite hostname="SOHAM-PC" ignored="0" name="Test" tests="7" failures="4" timestamp="2021-06-18T09:29:46 IST" time="277.958" errors="0">
  <testcase name="@BeforeMethod beforemethod" time="5.756" classname="testNG.BaseClass">
    <failure type="org.openqa.selenium.WebDriverException" message="unknown error: cannot determine loading status
from disconnected: Unable to receive message from renderer
  (Session info: chrome=91.0.4472.106)
Build info: version: &amp;apos;3.141.59&amp;apos;, revision: &amp;apos;e82be7d358&amp;apos;, time: &amp;apos;2018-11-14T08:25:53&amp;apos;
System info: host: &amp;apos;SOHAM-PC&amp;apos;, ip: &amp;apos;192.168.43.168&amp;apos;, os.name: &amp;apos;Windows 7&amp;apos;, os.arch: &amp;apos;x86&amp;apos;, os.version: &amp;apos;6.1&amp;apos;, java.version: &amp;apos;1.8.0_291&amp;apos;
Driver info: org.openqa.selenium.chrome.ChromeDriver
Capabilities {acceptInsecureCerts: false, browserName: chrome, browserVersion: 91.0.4472.106, chrome: {chromedriverVersion: 91.0.4472.19 (1bf021f248676..., userDataDir: C:\Users\SOHAM\AppData\Loca...}, goog:chromeOptions: {debuggerAddress: localhost:57361}, javascriptEnabled: true, networkConnectionEnabled: false, pageLoadStrategy: normal, platform: WINDOWS, platformName: WINDOWS, proxy: Proxy(), setWindowRect: true, strictFileInteractability: false, timeouts: {implicit: 0, pageLoad: 300000, script: 30000}, unhandledPromptBehavior: dismiss and notify, webauthn:extension:largeBlob: true, webauthn:virtualAuthenticators: true}
Session ID: 83d1c62970cdfee9a2aff41c1c9c7fbc">
      <![CDATA[org.openqa.selenium.WebDriverException: unknown error: cannot determine loading status
from disconnected: Unable to receive message from renderer
  (Session info: chrome=91.0.4472.106)
Build info: version: '3.141.59', revision: 'e82be7d358', time: '2018-11-14T08:25:53'
System info: host: 'SOHAM-PC', ip: '192.168.43.168', os.name: 'Windows 7', os.arch: 'x86', os.version: '6.1', java.version: '1.8.0_291'
Driver info: org.openqa.selenium.chrome.ChromeDriver
Capabilities {acceptInsecureCerts: false, browserName: chrome, browserVersion: 91.0.4472.106, chrome: {chromedriverVersion: 91.0.4472.19 (1bf021f248676..., userDataDir: C:\Users\SOHAM\AppData\Loca...}, goog:chromeOptions: {debuggerAddress: localhost:57361}, javascriptEnabled: true, networkConnectionEnabled: false, pageLoadStrategy: normal, platform: WINDOWS, platformName: WINDOWS, proxy: Proxy(), setWindowRect: true, strictFileInteractability: false, timeouts: {implicit: 0, pageLoad: 300000, script: 30000}, unhandledPromptBehavior: dismiss and notify, webauthn:extension:largeBlob: true, webauthn:virtualAuthenticators: true}
Session ID: 83d1c62970cdfee9a2aff41c1c9c7fbc
at org.openqa.selenium.remote.http.W3CHttpResponseCodec.createException(W3CHttpResponseCodec.java:187)
at org.openqa.selenium.remote.http.W3CHttpResponseCodec.decode(W3CHttpResponseCodec.java:122)
at org.openqa.selenium.remote.http.W3CHttpResponseCodec.decode(W3CHttpResponseCodec.java:49)
at org.openqa.selenium.remote.HttpCommandExecutor.execute(HttpCommandExecutor.java:158)
at org.openqa.selenium.remote.service.DriverCommandExecutor.execute(DriverCommandExecutor.java:83)
at org.openqa.selenium.remote.RemoteWebDriver.execute(RemoteWebDriver.java:552)
at org.openqa.selenium.remote.RemoteWebDriver.get(RemoteWebDriver.java:277)
at testNG.BaseClass.beforemethod(BaseClass.java:54)
at java.util.ArrayList.forEach(Unknown Source)
... Removed 35 stack frames]]>
    </failure>
  </testcase> <!-- @BeforeMethod beforemethod -->
  <testcase name="@AfterMethod aftermethod" time="-1.623988771846E9" classname="testNG.BaseClass">
    <skipped/>
  </testcase> <!-- @AfterMethod aftermethod -->
  <testcase name="@AfterClass afterclass" time="-1.623988771855E9" classname="testNG.BaseClass">
    <skipped/>
  </testcase> <!-- @AfterClass afterclass -->
  <testcase name="verifuAccount" time="122.395" classname="testNG.TC_07DoubleArray"/>
  <testcase name="verifuAccount" time="94.323" classname="testNG.TC_07DoubleArray"/>
  <testcase name="verifuAccount" time="27.728" classname="testNG.TC_07DoubleArray">
    <failure type="org.openqa.selenium.SessionNotCreatedException" message="session not created
from disconnected: received Inspector.detached event
  (Session info: chrome=91.0.4472.106)
Build info: version: &amp;apos;3.141.59&amp;apos;, revision: &amp;apos;e82be7d358&amp;apos;, time: &amp;apos;2018-11-14T08:25:53&amp;apos;
System info: host: &amp;apos;SOHAM-PC&amp;apos;, ip: &amp;apos;192.168.43.168&amp;apos;, os.name: &amp;apos;Windows 7&amp;apos;, os.arch: &amp;apos;x86&amp;apos;, os.version: &amp;apos;6.1&amp;apos;, java.version: &amp;apos;1.8.0_291&amp;apos;
Driver info: driver.version: ChromeDriver
remote stacktrace: Backtrace:
	Ordinal0 [0x00D02DB3+2502067]
	Ordinal0 [0x00C9C5B1+2082225]
	Ordinal0 [0x00BA2498+1057944]
	Ordinal0 [0x00B95864+1005668]
	Ordinal0 [0x00B954A4+1004708]
	Ordinal0 [0x00B94BEC+1002476]
	Ordinal0 [0x00B93D69+998761]
	Ordinal0 [0x00B94026+999462]
	Ordinal0 [0x00B93915+997653]
	Ordinal0 [0x00B9E534+1041716]
	Ordinal0 [0x00B938D1+997585]
	Ordinal0 [0x00B947F6+1001462]
	Ordinal0 [0x00B93D69+998761]
	Ordinal0 [0x00B94026+999462]
	Ordinal0 [0x00B93915+997653]
	Ordinal0 [0x00B9C5AA+1033642]
	Ordinal0 [0x00B938D1+997585]
	Ordinal0 [0x00B947F6+1001462]
	Ordinal0 [0x00B93D69+998761]
	Ordinal0 [0x00B94026+999462]
	Ordinal0 [0x00B93915+997653]
	Ordinal0 [0x00B9A459+1025113]
	Ordinal0 [0x00B938D1+997585]
	Ordinal0 [0x00B947F6+1001462]
	Ordinal0 [0x00B93D69+998761]
	Ordinal0 [0x00B94026+999462]
	Ordinal0 [0x00B93915+997653]
	Ordinal0 [0x00B9977C+1021820]
	Ordinal0 [0x00B938D1+997585]
	Ordinal0 [0x00B947F6+1001462]
	Ordinal0 [0x00B93D69+998761]
	Ordinal0 [0x00B94026+999462]
	Ordinal0 [0x00B93915+997653]
	Ordinal0 [0x00B8F42D+980013]
	Ordinal0 [0x00B938D1+997585]
	Ordinal0 [0x00B93670+996976]
	Ordinal0 [0x00B93409+996361]
	Ordinal0 [0x00BA36A0+1062560]
	Ordinal0 [0x00BEAA59+1354329]
	Ordinal0 [0x00BE967A+1349242]
	Ordinal0 [0x00BE5BEB+1334251]
	Ordinal0 [0x00BC2174+1188212]
	Ordinal0 [0x00BC3009+1191945]
	GetHandleVerifier [0x00E7EC5C+1511084]
	GetHandleVerifier [0x00F28522+2205554]
	GetHandleVerifier [0x00D83393+480739]
	GetHandleVerifier [0x00D82579+477129]
	Ordinal0 [0x00CA1E5D+2104925]
	Ordinal0 [0x00CA63F8+2122744]
	Ordinal0 [0x00CA6537+2123063]
	Ordinal0 [0x00CAEE53+2158163]
	BaseThreadInitThunk [0x76341174+18]
	RtlInitializeExceptionChain [0x777FB3F5+99]
	RtlInitializeExceptionChain [0x777FB3C8+54]
">
      <![CDATA[org.openqa.selenium.SessionNotCreatedException: session not created
from disconnected: received Inspector.detached event
  (Session info: chrome=91.0.4472.106)
Build info: version: '3.141.59', revision: 'e82be7d358', time: '2018-11-14T08:25:53'
System info: host: 'SOHAM-PC', ip: '192.168.43.168', os.name: 'Windows 7', os.arch: 'x86', os.version: '6.1', java.version: '1.8.0_291'
Driver info: driver.version: ChromeDriver
remote stacktrace: Backtrace:
Ordinal0 [0x00D02DB3+2502067]
Ordinal0 [0x00C9C5B1+2082225]
Ordinal0 [0x00BA2498+1057944]
Ordinal0 [0x00B95864+1005668]
Ordinal0 [0x00B954A4+1004708]
Ordinal0 [0x00B94BEC+1002476]
Ordinal0 [0x00B93D69+998761]
Ordinal0 [0x00B94026+999462]
Ordinal0 [0x00B93915+997653]
Ordinal0 [0x00B9E534+1041716]
Ordinal0 [0x00B938D1+997585]
Ordinal0 [0x00B947F6+1001462]
Ordinal0 [0x00B93D69+998761]
Ordinal0 [0x00B94026+999462]
Ordinal0 [0x00B93915+997653]
Ordinal0 [0x00B9C5AA+1033642]
Ordinal0 [0x00B938D1+997585]
Ordinal0 [0x00B947F6+1001462]
Ordinal0 [0x00B93D69+998761]
Ordinal0 [0x00B94026+999462]
Ordinal0 [0x00B93915+997653]
Ordinal0 [0x00B9A459+1025113]
Ordinal0 [0x00B938D1+997585]
Ordinal0 [0x00B947F6+1001462]
Ordinal0 [0x00B93D69+998761]
Ordinal0 [0x00B94026+999462]
Ordinal0 [0x00B93915+997653]
Ordinal0 [0x00B9977C+1021820]
Ordinal0 [0x00B938D1+997585]
Ordinal0 [0x00B947F6+1001462]
Ordinal0 [0x00B93D69+998761]
Ordinal0 [0x00B94026+999462]
Ordinal0 [0x00B93915+997653]
Ordinal0 [0x00B8F42D+980013]
Ordinal0 [0x00B938D1+997585]
Ordinal0 [0x00B93670+996976]
Ordinal0 [0x00B93409+996361]
Ordinal0 [0x00BA36A0+1062560]
Ordinal0 [0x00BEAA59+1354329]
Ordinal0 [0x00BE967A+1349242]
Ordinal0 [0x00BE5BEB+1334251]
Ordinal0 [0x00BC2174+1188212]
Ordinal0 [0x00BC3009+1191945]
GetHandleVerifier [0x00E7EC5C+1511084]
GetHandleVerifier [0x00F28522+2205554]
GetHandleVerifier [0x00D83393+480739]
GetHandleVerifier [0x00D82579+477129]
Ordinal0 [0x00CA1E5D+2104925]
Ordinal0 [0x00CA63F8+2122744]
Ordinal0 [0x00CA6537+2123063]
Ordinal0 [0x00CAEE53+2158163]
BaseThreadInitThunk [0x76341174+18]
RtlInitializeExceptionChain [0x777FB3F5+99]
RtlInitializeExceptionChain [0x777FB3C8+54]

at org.openqa.selenium.remote.W3CHandshakeResponse.lambda$errorHandler$0(W3CHandshakeResponse.java:62)
at org.openqa.selenium.remote.HandshakeResponse.lambda$getResponseFunction$0(HandshakeResponse.java:30)
at org.openqa.selenium.remote.ProtocolHandshake.lambda$createSession$0(ProtocolHandshake.java:126)
at java.util.stream.ReferencePipeline$3$1.accept(Unknown Source)
at java.util.Spliterators$ArraySpliterator.tryAdvance(Unknown Source)
at java.util.stream.ReferencePipeline.forEachWithCancel(Unknown Source)
at java.util.stream.AbstractPipeline.copyIntoWithCancel(Unknown Source)
at java.util.stream.AbstractPipeline.copyInto(Unknown Source)
at java.util.stream.AbstractPipeline.wrapAndCopyInto(Unknown Source)
at java.util.stream.FindOps$FindOp.evaluateSequential(Unknown Source)
at java.util.stream.AbstractPipeline.evaluate(Unknown Source)
at java.util.stream.ReferencePipeline.findFirst(Unknown Source)
at org.openqa.selenium.remote.ProtocolHandshake.createSession(ProtocolHandshake.java:128)
at org.openqa.selenium.remote.ProtocolHandshake.createSession(ProtocolHandshake.java:74)
at org.openqa.selenium.remote.HttpCommandExecutor.execute(HttpCommandExecutor.java:136)
at org.openqa.selenium.remote.service.DriverCommandExecutor.execute(DriverCommandExecutor.java:83)
at org.openqa.selenium.remote.RemoteWebDriver.execute(RemoteWebDriver.java:552)
at org.openqa.selenium.remote.RemoteWebDriver.startSession(RemoteWebDriver.java:213)
at org.openqa.selenium.remote.RemoteWebDriver.<init>(RemoteWebDriver.java:131)
at org.openqa.selenium.chrome.ChromeDriver.<init>(ChromeDriver.java:181)
at org.openqa.selenium.chrome.ChromeDriver.<init>(ChromeDriver.java:168)
at org.openqa.selenium.chrome.ChromeDriver.<init>(ChromeDriver.java:123)
at testNG.TC_07DoubleArray.verifuAccount(TC_07DoubleArray.java:33)
at java.util.ArrayList.forEach(Unknown Source)
... Removed 31 stack frames]]>
    </failure>
  </testcase> <!-- verifuAccount -->
  <testcase name="test1" time="0.0" classname="testNG.TC_09TestExtend">
    <skipped/>
  </testcase> <!-- test1 -->
  <testcase name="verifyAccount" time="14.06" classname="testNG.TC_08Array_Parallel_ChangeName">
    <failure type="org.openqa.selenium.SessionNotCreatedException" message="session not created
from disconnected: Unable to receive message from renderer
  (Session info: chrome=91.0.4472.106)
Build info: version: &amp;apos;3.141.59&amp;apos;, revision: &amp;apos;e82be7d358&amp;apos;, time: &amp;apos;2018-11-14T08:25:53&amp;apos;
System info: host: &amp;apos;SOHAM-PC&amp;apos;, ip: &amp;apos;192.168.43.168&amp;apos;, os.name: &amp;apos;Windows 7&amp;apos;, os.arch: &amp;apos;x86&amp;apos;, os.version: &amp;apos;6.1&amp;apos;, java.version: &amp;apos;1.8.0_291&amp;apos;
Driver info: driver.version: ChromeDriver
remote stacktrace: Backtrace:
	Ordinal0 [0x00D02DB3+2502067]
	Ordinal0 [0x00C9C5B1+2082225]
	Ordinal0 [0x00BA2498+1057944]
	Ordinal0 [0x00B94DE9+1002985]
	Ordinal0 [0x00B93D69+998761]
	Ordinal0 [0x00B94026+999462]
	Ordinal0 [0x00B93915+997653]
	Ordinal0 [0x00B9E534+1041716]
	Ordinal0 [0x00B938D1+997585]
	Ordinal0 [0x00B947F6+1001462]
	Ordinal0 [0x00B93D69+998761]
	Ordinal0 [0x00B94026+999462]
	Ordinal0 [0x00B93915+997653]
	Ordinal0 [0x00B9C5AA+1033642]
	Ordinal0 [0x00B938D1+997585]
	Ordinal0 [0x00B947F6+1001462]
	Ordinal0 [0x00B93D69+998761]
	Ordinal0 [0x00B94026+999462]
	Ordinal0 [0x00B93915+997653]
	Ordinal0 [0x00B9A459+1025113]
	Ordinal0 [0x00B938D1+997585]
	Ordinal0 [0x00B947F6+1001462]
	Ordinal0 [0x00B93D69+998761]
	Ordinal0 [0x00B94026+999462]
	Ordinal0 [0x00B93915+997653]
	Ordinal0 [0x00B9977C+1021820]
	Ordinal0 [0x00B938D1+997585]
	Ordinal0 [0x00B947F6+1001462]
	Ordinal0 [0x00B93D69+998761]
	Ordinal0 [0x00B94026+999462]
	Ordinal0 [0x00B93915+997653]
	Ordinal0 [0x00B8F42D+980013]
	Ordinal0 [0x00B938D1+997585]
	Ordinal0 [0x00B93670+996976]
	Ordinal0 [0x00B93409+996361]
	Ordinal0 [0x00BA36A0+1062560]
	Ordinal0 [0x00BEAA59+1354329]
	Ordinal0 [0x00BE967A+1349242]
	Ordinal0 [0x00BE5BEB+1334251]
	Ordinal0 [0x00BC2174+1188212]
	Ordinal0 [0x00BC3009+1191945]
	GetHandleVerifier [0x00E7EC5C+1511084]
	GetHandleVerifier [0x00F28522+2205554]
	GetHandleVerifier [0x00D83393+480739]
	GetHandleVerifier [0x00D82579+477129]
	Ordinal0 [0x00CA1E5D+2104925]
	Ordinal0 [0x00CA63F8+2122744]
	Ordinal0 [0x00CA6537+2123063]
	Ordinal0 [0x00CAEE53+2158163]
	BaseThreadInitThunk [0x76341174+18]
	RtlInitializeExceptionChain [0x777FB3F5+99]
	RtlInitializeExceptionChain [0x777FB3C8+54]
">
      <![CDATA[org.openqa.selenium.SessionNotCreatedException: session not created
from disconnected: Unable to receive message from renderer
  (Session info: chrome=91.0.4472.106)
Build info: version: '3.141.59', revision: 'e82be7d358', time: '2018-11-14T08:25:53'
System info: host: 'SOHAM-PC', ip: '192.168.43.168', os.name: 'Windows 7', os.arch: 'x86', os.version: '6.1', java.version: '1.8.0_291'
Driver info: driver.version: ChromeDriver
remote stacktrace: Backtrace:
Ordinal0 [0x00D02DB3+2502067]
Ordinal0 [0x00C9C5B1+2082225]
Ordinal0 [0x00BA2498+1057944]
Ordinal0 [0x00B94DE9+1002985]
Ordinal0 [0x00B93D69+998761]
Ordinal0 [0x00B94026+999462]
Ordinal0 [0x00B93915+997653]
Ordinal0 [0x00B9E534+1041716]
Ordinal0 [0x00B938D1+997585]
Ordinal0 [0x00B947F6+1001462]
Ordinal0 [0x00B93D69+998761]
Ordinal0 [0x00B94026+999462]
Ordinal0 [0x00B93915+997653]
Ordinal0 [0x00B9C5AA+1033642]
Ordinal0 [0x00B938D1+997585]
Ordinal0 [0x00B947F6+1001462]
Ordinal0 [0x00B93D69+998761]
Ordinal0 [0x00B94026+999462]
Ordinal0 [0x00B93915+997653]
Ordinal0 [0x00B9A459+1025113]
Ordinal0 [0x00B938D1+997585]
Ordinal0 [0x00B947F6+1001462]
Ordinal0 [0x00B93D69+998761]
Ordinal0 [0x00B94026+999462]
Ordinal0 [0x00B93915+997653]
Ordinal0 [0x00B9977C+1021820]
Ordinal0 [0x00B938D1+997585]
Ordinal0 [0x00B947F6+1001462]
Ordinal0 [0x00B93D69+998761]
Ordinal0 [0x00B94026+999462]
Ordinal0 [0x00B93915+997653]
Ordinal0 [0x00B8F42D+980013]
Ordinal0 [0x00B938D1+997585]
Ordinal0 [0x00B93670+996976]
Ordinal0 [0x00B93409+996361]
Ordinal0 [0x00BA36A0+1062560]
Ordinal0 [0x00BEAA59+1354329]
Ordinal0 [0x00BE967A+1349242]
Ordinal0 [0x00BE5BEB+1334251]
Ordinal0 [0x00BC2174+1188212]
Ordinal0 [0x00BC3009+1191945]
GetHandleVerifier [0x00E7EC5C+1511084]
GetHandleVerifier [0x00F28522+2205554]
GetHandleVerifier [0x00D83393+480739]
GetHandleVerifier [0x00D82579+477129]
Ordinal0 [0x00CA1E5D+2104925]
Ordinal0 [0x00CA63F8+2122744]
Ordinal0 [0x00CA6537+2123063]
Ordinal0 [0x00CAEE53+2158163]
BaseThreadInitThunk [0x76341174+18]
RtlInitializeExceptionChain [0x777FB3F5+99]
RtlInitializeExceptionChain [0x777FB3C8+54]

at org.openqa.selenium.remote.W3CHandshakeResponse.lambda$errorHandler$0(W3CHandshakeResponse.java:62)
at org.openqa.selenium.remote.HandshakeResponse.lambda$getResponseFunction$0(HandshakeResponse.java:30)
at org.openqa.selenium.remote.ProtocolHandshake.lambda$createSession$0(ProtocolHandshake.java:126)
at java.util.stream.ReferencePipeline$3$1.accept(Unknown Source)
at java.util.Spliterators$ArraySpliterator.tryAdvance(Unknown Source)
at java.util.stream.ReferencePipeline.forEachWithCancel(Unknown Source)
at java.util.stream.AbstractPipeline.copyIntoWithCancel(Unknown Source)
at java.util.stream.AbstractPipeline.copyInto(Unknown Source)
at java.util.stream.AbstractPipeline.wrapAndCopyInto(Unknown Source)
at java.util.stream.FindOps$FindOp.evaluateSequential(Unknown Source)
at java.util.stream.AbstractPipeline.evaluate(Unknown Source)
at java.util.stream.ReferencePipeline.findFirst(Unknown Source)
at org.openqa.selenium.remote.ProtocolHandshake.createSession(ProtocolHandshake.java:128)
at org.openqa.selenium.remote.ProtocolHandshake.createSession(ProtocolHandshake.java:74)
at org.openqa.selenium.remote.HttpCommandExecutor.execute(HttpCommandExecutor.java:136)
at org.openqa.selenium.remote.service.DriverCommandExecutor.execute(DriverCommandExecutor.java:83)
at org.openqa.selenium.remote.RemoteWebDriver.execute(RemoteWebDriver.java:552)
at org.openqa.selenium.remote.RemoteWebDriver.startSession(RemoteWebDriver.java:213)
at org.openqa.selenium.remote.RemoteWebDriver.<init>(RemoteWebDriver.java:131)
at org.openqa.selenium.chrome.ChromeDriver.<init>(ChromeDriver.java:181)
at org.openqa.selenium.chrome.ChromeDriver.<init>(ChromeDriver.java:168)
at org.openqa.selenium.chrome.ChromeDriver.<init>(ChromeDriver.java:123)
at testNG.TC_08Array_Parallel_ChangeName.verifyAccount(TC_08Array_Parallel_ChangeName.java:32)
at java.util.concurrent.FutureTask.run(Unknown Source)
at java.util.concurrent.Executors$RunnableAdapter.call(Unknown Source)
at java.util.concurrent.FutureTask.run(Unknown Source)
at java.util.concurrent.ThreadPoolExecutor.runWorker(Unknown Source)
at java.util.concurrent.ThreadPoolExecutor$Worker.run(Unknown Source)
at java.lang.Thread.run(Unknown Source)
... Removed 13 stack frames]]>
    </failure>
  </testcase> <!-- verifyAccount -->
  <testcase name="verifyAccount" time="14.091" classname="testNG.TC_08Array_Parallel_ChangeName">
    <failure type="org.openqa.selenium.SessionNotCreatedException" message="session not created
from disconnected: Unable to receive message from renderer
  (Session info: chrome=91.0.4472.106)
Build info: version: &amp;apos;3.141.59&amp;apos;, revision: &amp;apos;e82be7d358&amp;apos;, time: &amp;apos;2018-11-14T08:25:53&amp;apos;
System info: host: &amp;apos;SOHAM-PC&amp;apos;, ip: &amp;apos;192.168.43.168&amp;apos;, os.name: &amp;apos;Windows 7&amp;apos;, os.arch: &amp;apos;x86&amp;apos;, os.version: &amp;apos;6.1&amp;apos;, java.version: &amp;apos;1.8.0_291&amp;apos;
Driver info: driver.version: ChromeDriver
remote stacktrace: Backtrace:
	Ordinal0 [0x00D02DB3+2502067]
	Ordinal0 [0x00C9C5B1+2082225]
	Ordinal0 [0x00BA2498+1057944]
	Ordinal0 [0x00B94DE9+1002985]
	Ordinal0 [0x00B93D69+998761]
	Ordinal0 [0x00B94026+999462]
	Ordinal0 [0x00B93915+997653]
	Ordinal0 [0x00B9E534+1041716]
	Ordinal0 [0x00B938D1+997585]
	Ordinal0 [0x00B947F6+1001462]
	Ordinal0 [0x00B93D69+998761]
	Ordinal0 [0x00B94026+999462]
	Ordinal0 [0x00B93915+997653]
	Ordinal0 [0x00B9C5AA+1033642]
	Ordinal0 [0x00B938D1+997585]
	Ordinal0 [0x00B947F6+1001462]
	Ordinal0 [0x00B93D69+998761]
	Ordinal0 [0x00B94026+999462]
	Ordinal0 [0x00B93915+997653]
	Ordinal0 [0x00B9A459+1025113]
	Ordinal0 [0x00B938D1+997585]
	Ordinal0 [0x00B947F6+1001462]
	Ordinal0 [0x00B93D69+998761]
	Ordinal0 [0x00B94026+999462]
	Ordinal0 [0x00B93915+997653]
	Ordinal0 [0x00B9977C+1021820]
	Ordinal0 [0x00B938D1+997585]
	Ordinal0 [0x00B947F6+1001462]
	Ordinal0 [0x00B93D69+998761]
	Ordinal0 [0x00B94026+999462]
	Ordinal0 [0x00B93915+997653]
	Ordinal0 [0x00B8F42D+980013]
	Ordinal0 [0x00B938D1+997585]
	Ordinal0 [0x00B93670+996976]
	Ordinal0 [0x00B93409+996361]
	Ordinal0 [0x00BA36A0+1062560]
	Ordinal0 [0x00BEAA59+1354329]
	Ordinal0 [0x00BE967A+1349242]
	Ordinal0 [0x00BE5BEB+1334251]
	Ordinal0 [0x00BC2174+1188212]
	Ordinal0 [0x00BC3009+1191945]
	GetHandleVerifier [0x00E7EC5C+1511084]
	GetHandleVerifier [0x00F28522+2205554]
	GetHandleVerifier [0x00D83393+480739]
	GetHandleVerifier [0x00D82579+477129]
	Ordinal0 [0x00CA1E5D+2104925]
	Ordinal0 [0x00CA63F8+2122744]
	Ordinal0 [0x00CA6537+2123063]
	Ordinal0 [0x00CAEE53+2158163]
	BaseThreadInitThunk [0x76341174+18]
	RtlInitializeExceptionChain [0x777FB3F5+99]
	RtlInitializeExceptionChain [0x777FB3C8+54]
">
      <![CDATA[org.openqa.selenium.SessionNotCreatedException: session not created
from disconnected: Unable to receive message from renderer
  (Session info: chrome=91.0.4472.106)
Build info: version: '3.141.59', revision: 'e82be7d358', time: '2018-11-14T08:25:53'
System info: host: 'SOHAM-PC', ip: '192.168.43.168', os.name: 'Windows 7', os.arch: 'x86', os.version: '6.1', java.version: '1.8.0_291'
Driver info: driver.version: ChromeDriver
remote stacktrace: Backtrace:
Ordinal0 [0x00D02DB3+2502067]
Ordinal0 [0x00C9C5B1+2082225]
Ordinal0 [0x00BA2498+1057944]
Ordinal0 [0x00B94DE9+1002985]
Ordinal0 [0x00B93D69+998761]
Ordinal0 [0x00B94026+999462]
Ordinal0 [0x00B93915+997653]
Ordinal0 [0x00B9E534+1041716]
Ordinal0 [0x00B938D1+997585]
Ordinal0 [0x00B947F6+1001462]
Ordinal0 [0x00B93D69+998761]
Ordinal0 [0x00B94026+999462]
Ordinal0 [0x00B93915+997653]
Ordinal0 [0x00B9C5AA+1033642]
Ordinal0 [0x00B938D1+997585]
Ordinal0 [0x00B947F6+1001462]
Ordinal0 [0x00B93D69+998761]
Ordinal0 [0x00B94026+999462]
Ordinal0 [0x00B93915+997653]
Ordinal0 [0x00B9A459+1025113]
Ordinal0 [0x00B938D1+997585]
Ordinal0 [0x00B947F6+1001462]
Ordinal0 [0x00B93D69+998761]
Ordinal0 [0x00B94026+999462]
Ordinal0 [0x00B93915+997653]
Ordinal0 [0x00B9977C+1021820]
Ordinal0 [0x00B938D1+997585]
Ordinal0 [0x00B947F6+1001462]
Ordinal0 [0x00B93D69+998761]
Ordinal0 [0x00B94026+999462]
Ordinal0 [0x00B93915+997653]
Ordinal0 [0x00B8F42D+980013]
Ordinal0 [0x00B938D1+997585]
Ordinal0 [0x00B93670+996976]
Ordinal0 [0x00B93409+996361]
Ordinal0 [0x00BA36A0+1062560]
Ordinal0 [0x00BEAA59+1354329]
Ordinal0 [0x00BE967A+1349242]
Ordinal0 [0x00BE5BEB+1334251]
Ordinal0 [0x00BC2174+1188212]
Ordinal0 [0x00BC3009+1191945]
GetHandleVerifier [0x00E7EC5C+1511084]
GetHandleVerifier [0x00F28522+2205554]
GetHandleVerifier [0x00D83393+480739]
GetHandleVerifier [0x00D82579+477129]
Ordinal0 [0x00CA1E5D+2104925]
Ordinal0 [0x00CA63F8+2122744]
Ordinal0 [0x00CA6537+2123063]
Ordinal0 [0x00CAEE53+2158163]
BaseThreadInitThunk [0x76341174+18]
RtlInitializeExceptionChain [0x777FB3F5+99]
RtlInitializeExceptionChain [0x777FB3C8+54]

at org.openqa.selenium.remote.W3CHandshakeResponse.lambda$errorHandler$0(W3CHandshakeResponse.java:62)
at org.openqa.selenium.remote.HandshakeResponse.lambda$getResponseFunction$0(HandshakeResponse.java:30)
at org.openqa.selenium.remote.ProtocolHandshake.lambda$createSession$0(ProtocolHandshake.java:126)
at java.util.stream.ReferencePipeline$3$1.accept(Unknown Source)
at java.util.Spliterators$ArraySpliterator.tryAdvance(Unknown Source)
at java.util.stream.ReferencePipeline.forEachWithCancel(Unknown Source)
at java.util.stream.AbstractPipeline.copyIntoWithCancel(Unknown Source)
at java.util.stream.AbstractPipeline.copyInto(Unknown Source)
at java.util.stream.AbstractPipeline.wrapAndCopyInto(Unknown Source)
at java.util.stream.FindOps$FindOp.evaluateSequential(Unknown Source)
at java.util.stream.AbstractPipeline.evaluate(Unknown Source)
at java.util.stream.ReferencePipeline.findFirst(Unknown Source)
at org.openqa.selenium.remote.ProtocolHandshake.createSession(ProtocolHandshake.java:128)
at org.openqa.selenium.remote.ProtocolHandshake.createSession(ProtocolHandshake.java:74)
at org.openqa.selenium.remote.HttpCommandExecutor.execute(HttpCommandExecutor.java:136)
at org.openqa.selenium.remote.service.DriverCommandExecutor.execute(DriverCommandExecutor.java:83)
at org.openqa.selenium.remote.RemoteWebDriver.execute(RemoteWebDriver.java:552)
at org.openqa.selenium.remote.RemoteWebDriver.startSession(RemoteWebDriver.java:213)
at org.openqa.selenium.remote.RemoteWebDriver.<init>(RemoteWebDriver.java:131)
at org.openqa.selenium.chrome.ChromeDriver.<init>(ChromeDriver.java:181)
at org.openqa.selenium.chrome.ChromeDriver.<init>(ChromeDriver.java:168)
at org.openqa.selenium.chrome.ChromeDriver.<init>(ChromeDriver.java:123)
at testNG.TC_08Array_Parallel_ChangeName.verifyAccount(TC_08Array_Parallel_ChangeName.java:32)
at java.util.concurrent.FutureTask.run(Unknown Source)
at java.util.concurrent.Executors$RunnableAdapter.call(Unknown Source)
at java.util.concurrent.FutureTask.run(Unknown Source)
at java.util.concurrent.ThreadPoolExecutor.runWorker(Unknown Source)
at java.util.concurrent.ThreadPoolExecutor$Worker.run(Unknown Source)
at java.lang.Thread.run(Unknown Source)
... Removed 13 stack frames]]>
    </failure>
  </testcase> <!-- verifyAccount -->
  <testcase name="verifyAccount" time="14.505" classname="testNG.TC_08Array_Parallel_ChangeName">
    <failure type="org.openqa.selenium.SessionNotCreatedException" message="session not created
from disconnected: Unable to receive message from renderer
  (Session info: chrome=91.0.4472.106)
Build info: version: &amp;apos;3.141.59&amp;apos;, revision: &amp;apos;e82be7d358&amp;apos;, time: &amp;apos;2018-11-14T08:25:53&amp;apos;
System info: host: &amp;apos;SOHAM-PC&amp;apos;, ip: &amp;apos;192.168.43.168&amp;apos;, os.name: &amp;apos;Windows 7&amp;apos;, os.arch: &amp;apos;x86&amp;apos;, os.version: &amp;apos;6.1&amp;apos;, java.version: &amp;apos;1.8.0_291&amp;apos;
Driver info: driver.version: ChromeDriver
remote stacktrace: Backtrace:
	Ordinal0 [0x00D02DB3+2502067]
	Ordinal0 [0x00C9C5B1+2082225]
	Ordinal0 [0x00BA2498+1057944]
	Ordinal0 [0x00B94DE9+1002985]
	Ordinal0 [0x00B93D69+998761]
	Ordinal0 [0x00B94026+999462]
	Ordinal0 [0x00B93915+997653]
	Ordinal0 [0x00B9E534+1041716]
	Ordinal0 [0x00B938D1+997585]
	Ordinal0 [0x00B947F6+1001462]
	Ordinal0 [0x00B93D69+998761]
	Ordinal0 [0x00B94026+999462]
	Ordinal0 [0x00B93915+997653]
	Ordinal0 [0x00B9C5AA+1033642]
	Ordinal0 [0x00B938D1+997585]
	Ordinal0 [0x00B947F6+1001462]
	Ordinal0 [0x00B93D69+998761]
	Ordinal0 [0x00B94026+999462]
	Ordinal0 [0x00B93915+997653]
	Ordinal0 [0x00B9A459+1025113]
	Ordinal0 [0x00B938D1+997585]
	Ordinal0 [0x00B947F6+1001462]
	Ordinal0 [0x00B93D69+998761]
	Ordinal0 [0x00B94026+999462]
	Ordinal0 [0x00B93915+997653]
	Ordinal0 [0x00B9977C+1021820]
	Ordinal0 [0x00B938D1+997585]
	Ordinal0 [0x00B947F6+1001462]
	Ordinal0 [0x00B93D69+998761]
	Ordinal0 [0x00B94026+999462]
	Ordinal0 [0x00B93915+997653]
	Ordinal0 [0x00B8F42D+980013]
	Ordinal0 [0x00B938D1+997585]
	Ordinal0 [0x00B93670+996976]
	Ordinal0 [0x00B93409+996361]
	Ordinal0 [0x00BA36A0+1062560]
	Ordinal0 [0x00BEAA59+1354329]
	Ordinal0 [0x00BE967A+1349242]
	Ordinal0 [0x00BE5BEB+1334251]
	Ordinal0 [0x00BC2174+1188212]
	Ordinal0 [0x00BC3009+1191945]
	GetHandleVerifier [0x00E7EC5C+1511084]
	GetHandleVerifier [0x00F28522+2205554]
	GetHandleVerifier [0x00D83393+480739]
	GetHandleVerifier [0x00D82579+477129]
	Ordinal0 [0x00CA1E5D+2104925]
	Ordinal0 [0x00CA63F8+2122744]
	Ordinal0 [0x00CA6537+2123063]
	Ordinal0 [0x00CAEE53+2158163]
	BaseThreadInitThunk [0x76341174+18]
	RtlInitializeExceptionChain [0x777FB3F5+99]
	RtlInitializeExceptionChain [0x777FB3C8+54]
">
      <![CDATA[org.openqa.selenium.SessionNotCreatedException: session not created
from disconnected: Unable to receive message from renderer
  (Session info: chrome=91.0.4472.106)
Build info: version: '3.141.59', revision: 'e82be7d358', time: '2018-11-14T08:25:53'
System info: host: 'SOHAM-PC', ip: '192.168.43.168', os.name: 'Windows 7', os.arch: 'x86', os.version: '6.1', java.version: '1.8.0_291'
Driver info: driver.version: ChromeDriver
remote stacktrace: Backtrace:
Ordinal0 [0x00D02DB3+2502067]
Ordinal0 [0x00C9C5B1+2082225]
Ordinal0 [0x00BA2498+1057944]
Ordinal0 [0x00B94DE9+1002985]
Ordinal0 [0x00B93D69+998761]
Ordinal0 [0x00B94026+999462]
Ordinal0 [0x00B93915+997653]
Ordinal0 [0x00B9E534+1041716]
Ordinal0 [0x00B938D1+997585]
Ordinal0 [0x00B947F6+1001462]
Ordinal0 [0x00B93D69+998761]
Ordinal0 [0x00B94026+999462]
Ordinal0 [0x00B93915+997653]
Ordinal0 [0x00B9C5AA+1033642]
Ordinal0 [0x00B938D1+997585]
Ordinal0 [0x00B947F6+1001462]
Ordinal0 [0x00B93D69+998761]
Ordinal0 [0x00B94026+999462]
Ordinal0 [0x00B93915+997653]
Ordinal0 [0x00B9A459+1025113]
Ordinal0 [0x00B938D1+997585]
Ordinal0 [0x00B947F6+1001462]
Ordinal0 [0x00B93D69+998761]
Ordinal0 [0x00B94026+999462]
Ordinal0 [0x00B93915+997653]
Ordinal0 [0x00B9977C+1021820]
Ordinal0 [0x00B938D1+997585]
Ordinal0 [0x00B947F6+1001462]
Ordinal0 [0x00B93D69+998761]
Ordinal0 [0x00B94026+999462]
Ordinal0 [0x00B93915+997653]
Ordinal0 [0x00B8F42D+980013]
Ordinal0 [0x00B938D1+997585]
Ordinal0 [0x00B93670+996976]
Ordinal0 [0x00B93409+996361]
Ordinal0 [0x00BA36A0+1062560]
Ordinal0 [0x00BEAA59+1354329]
Ordinal0 [0x00BE967A+1349242]
Ordinal0 [0x00BE5BEB+1334251]
Ordinal0 [0x00BC2174+1188212]
Ordinal0 [0x00BC3009+1191945]
GetHandleVerifier [0x00E7EC5C+1511084]
GetHandleVerifier [0x00F28522+2205554]
GetHandleVerifier [0x00D83393+480739]
GetHandleVerifier [0x00D82579+477129]
Ordinal0 [0x00CA1E5D+2104925]
Ordinal0 [0x00CA63F8+2122744]
Ordinal0 [0x00CA6537+2123063]
Ordinal0 [0x00CAEE53+2158163]
BaseThreadInitThunk [0x76341174+18]
RtlInitializeExceptionChain [0x777FB3F5+99]
RtlInitializeExceptionChain [0x777FB3C8+54]

at org.openqa.selenium.remote.W3CHandshakeResponse.lambda$errorHandler$0(W3CHandshakeResponse.java:62)
at org.openqa.selenium.remote.HandshakeResponse.lambda$getResponseFunction$0(HandshakeResponse.java:30)
at org.openqa.selenium.remote.ProtocolHandshake.lambda$createSession$0(ProtocolHandshake.java:126)
at java.util.stream.ReferencePipeline$3$1.accept(Unknown Source)
at java.util.Spliterators$ArraySpliterator.tryAdvance(Unknown Source)
at java.util.stream.ReferencePipeline.forEachWithCancel(Unknown Source)
at java.util.stream.AbstractPipeline.copyIntoWithCancel(Unknown Source)
at java.util.stream.AbstractPipeline.copyInto(Unknown Source)
at java.util.stream.AbstractPipeline.wrapAndCopyInto(Unknown Source)
at java.util.stream.FindOps$FindOp.evaluateSequential(Unknown Source)
at java.util.stream.AbstractPipeline.evaluate(Unknown Source)
at java.util.stream.ReferencePipeline.findFirst(Unknown Source)
at org.openqa.selenium.remote.ProtocolHandshake.createSession(ProtocolHandshake.java:128)
at org.openqa.selenium.remote.ProtocolHandshake.createSession(ProtocolHandshake.java:74)
at org.openqa.selenium.remote.HttpCommandExecutor.execute(HttpCommandExecutor.java:136)
at org.openqa.selenium.remote.service.DriverCommandExecutor.execute(DriverCommandExecutor.java:83)
at org.openqa.selenium.remote.RemoteWebDriver.execute(RemoteWebDriver.java:552)
at org.openqa.selenium.remote.RemoteWebDriver.startSession(RemoteWebDriver.java:213)
at org.openqa.selenium.remote.RemoteWebDriver.<init>(RemoteWebDriver.java:131)
at org.openqa.selenium.chrome.ChromeDriver.<init>(ChromeDriver.java:181)
at org.openqa.selenium.chrome.ChromeDriver.<init>(ChromeDriver.java:168)
at org.openqa.selenium.chrome.ChromeDriver.<init>(ChromeDriver.java:123)
at testNG.TC_08Array_Parallel_ChangeName.verifyAccount(TC_08Array_Parallel_ChangeName.java:32)
at java.util.concurrent.FutureTask.run(Unknown Source)
at java.util.concurrent.Executors$RunnableAdapter.call(Unknown Source)
at java.util.concurrent.FutureTask.run(Unknown Source)
at java.util.concurrent.ThreadPoolExecutor.runWorker(Unknown Source)
at java.util.concurrent.ThreadPoolExecutor$Worker.run(Unknown Source)
at java.lang.Thread.run(Unknown Source)
... Removed 13 stack frames]]>
    </failure>
  </testcase> <!-- verifyAccount -->
</testsuite> <!-- Test -->
