<?xml version="1.0" encoding="UTF-8"?>
<!-- Generated by org.testng.reporters.JUnitReportReporter -->
<testsuite skipped="2" hostname="SOHAM-PC" name="testNG.BaseClass" tests="3" failures="0" timestamp="2021-06-17T11:51:00 IST" time="28.609" errors="1">
  <testcase name="method1" time="0.000" classname="testNG.BaseClass">
    <skipped/>
  </testcase> <!-- method1 -->
  <system-out/>
  <testcase name="beforemethod" time="28.609" classname="testNG.BaseClass">
    <error type="org.openqa.selenium.SessionNotCreatedException" message="session not created
from disconnected: received Inspector.detached event
  (Session info: chrome=91.0.4472.106)
Build info: version: &#039;3.141.59&#039;, revision: &#039;e82be7d358&#039;, time: &#039;2018-11-14T08:25:53&#039;
System info: host: &#039;SOHAM-PC&#039;, ip: &#039;127.0.0.1&#039;, os.name: &#039;Windows 7&#039;, os.arch: &#039;x86&#039;, os.version: &#039;6.1&#039;, java.version: &#039;1.8.0_291&#039;
Driver info: driver.version: ChromeDriver
remote stacktrace: Backtrace:
	Ordinal0 [0x00A8C013+2474003]
	Ordinal0 [0x00A229C1+2042305]
	Ordinal0 [0x00932F68+1060712]
	Ordinal0 [0x00926214+1008148]
	Ordinal0 [0x009256E3+1005283]
	Ordinal0 [0x00924258+1000024]
	Ordinal0 [0x00923DA5+998821]
	Ordinal0 [0x0092F164+1044836]
	Ordinal0 [0x00923D31+998705]
	Ordinal0 [0x00924FAF+1003439]
	Ordinal0 [0x00924258+1000024]
	Ordinal0 [0x00923DA5+998821]
	Ordinal0 [0x0092CDDA+1035738]
	Ordinal0 [0x00923D31+998705]
	Ordinal0 [0x00924FAF+1003439]
	Ordinal0 [0x00924258+1000024]
	Ordinal0 [0x00923DA5+998821]
	Ordinal0 [0x0092A929+1026345]
	Ordinal0 [0x00923D31+998705]
	Ordinal0 [0x00924FAF+1003439]
	Ordinal0 [0x00924258+1000024]
	Ordinal0 [0x00923DA5+998821]
	Ordinal0 [0x00929DBC+1023420]
	Ordinal0 [0x00923D31+998705]
	Ordinal0 [0x00924FAF+1003439]
	Ordinal0 [0x00924258+1000024]
	Ordinal0 [0x00923DA5+998821]
	Ordinal0 [0x0091FA5D+981597]
	Ordinal0 [0x00923D31+998705]
	Ordinal0 [0x00923A85+998021]
	Ordinal0 [0x00923829+997417]
	Ordinal0 [0x00934090+1065104]
	Ordinal0 [0x0097B798+1357720]
	Ordinal0 [0x00978FAA+1347498]
	Ordinal0 [0x009766DB+1337051]
	Ordinal0 [0x00953427+1192999]
	Ordinal0 [0x009542EE+1196782]
	Ordinal0 [0x00954279+1196665]
	GetHandleVerifier [0x00C196FC+1590332]
	GetHandleVerifier [0x00CC8614+2306900]
	GetHandleVerifier [0x00B19E93+543699]
	GetHandleVerifier [0x00B192CE+540686]
	Ordinal0 [0x00A286BA+2066106]
	Ordinal0 [0x00A2D1C8+2085320]
	Ordinal0 [0x00A2D308+2085640]
	Ordinal0 [0x00A367F3+2123763]
	BaseThreadInitThunk [0x75F11174+18]
	RtlInitializeExceptionChain [0x778CB3F5+99]
	RtlInitializeExceptionChain [0x778CB3C8+54]
">
      <![CDATA[org.openqa.selenium.SessionNotCreatedException: session not created
from disconnected: received Inspector.detached event
  (Session info: chrome=91.0.4472.106)
Build info: version: '3.141.59', revision: 'e82be7d358', time: '2018-11-14T08:25:53'
System info: host: 'SOHAM-PC', ip: '127.0.0.1', os.name: 'Windows 7', os.arch: 'x86', os.version: '6.1', java.version: '1.8.0_291'
Driver info: driver.version: ChromeDriver
remote stacktrace: Backtrace:
Ordinal0 [0x00A8C013+2474003]
Ordinal0 [0x00A229C1+2042305]
Ordinal0 [0x00932F68+1060712]
Ordinal0 [0x00926214+1008148]
Ordinal0 [0x009256E3+1005283]
Ordinal0 [0x00924258+1000024]
Ordinal0 [0x00923DA5+998821]
Ordinal0 [0x0092F164+1044836]
Ordinal0 [0x00923D31+998705]
Ordinal0 [0x00924FAF+1003439]
Ordinal0 [0x00924258+1000024]
Ordinal0 [0x00923DA5+998821]
Ordinal0 [0x0092CDDA+1035738]
Ordinal0 [0x00923D31+998705]
Ordinal0 [0x00924FAF+1003439]
Ordinal0 [0x00924258+1000024]
Ordinal0 [0x00923DA5+998821]
Ordinal0 [0x0092A929+1026345]
Ordinal0 [0x00923D31+998705]
Ordinal0 [0x00924FAF+1003439]
Ordinal0 [0x00924258+1000024]
Ordinal0 [0x00923DA5+998821]
Ordinal0 [0x00929DBC+1023420]
Ordinal0 [0x00923D31+998705]
Ordinal0 [0x00924FAF+1003439]
Ordinal0 [0x00924258+1000024]
Ordinal0 [0x00923DA5+998821]
Ordinal0 [0x0091FA5D+981597]
Ordinal0 [0x00923D31+998705]
Ordinal0 [0x00923A85+998021]
Ordinal0 [0x00923829+997417]
Ordinal0 [0x00934090+1065104]
Ordinal0 [0x0097B798+1357720]
Ordinal0 [0x00978FAA+1347498]
Ordinal0 [0x009766DB+1337051]
Ordinal0 [0x00953427+1192999]
Ordinal0 [0x009542EE+1196782]
Ordinal0 [0x00954279+1196665]
GetHandleVerifier [0x00C196FC+1590332]
GetHandleVerifier [0x00CC8614+2306900]
GetHandleVerifier [0x00B19E93+543699]
GetHandleVerifier [0x00B192CE+540686]
Ordinal0 [0x00A286BA+2066106]
Ordinal0 [0x00A2D1C8+2085320]
Ordinal0 [0x00A2D308+2085640]
Ordinal0 [0x00A367F3+2123763]
BaseThreadInitThunk [0x75F11174+18]
RtlInitializeExceptionChain [0x778CB3F5+99]
RtlInitializeExceptionChain [0x778CB3C8+54]

at sun.reflect.NativeConstructorAccessorImpl.newInstance0(Native Method)
at sun.reflect.NativeConstructorAccessorImpl.newInstance(Unknown Source)
at sun.reflect.DelegatingConstructorAccessorImpl.newInstance(Unknown Source)
at java.lang.reflect.Constructor.newInstance(Unknown Source)
at org.openqa.selenium.remote.W3CHandshakeResponse.lambda$errorHandler$0(W3CHandshakeResponse.java:62)
at org.openqa.selenium.remote.HandshakeResponse.lambda$getResponseFunction$0(HandshakeResponse.java:30)
at org.openqa.selenium.remote.ProtocolHandshake.lambda$createSession$0(ProtocolHandshake.java:126)
at java.util.stream.ReferencePipeline$3$1.accept(Unknown Source)
at java.util.Spliterators$ArraySpliterator.tryAdvance(Unknown Source)
at java.util.stream.ReferencePipeline.forEachWithCancel(Unknown Source)
at java.util.stream.AbstractPipeline.copyIntoWithCancel(Unknown Source)
at java.util.stream.AbstractPipeline.copyInto(Unknown Source)
at java.util.stream.AbstractPipeline.wrapAndCopyInto(Unknown Source)
at java.util.stream.FindOps$FindOp.evaluateSequential(Unknown Source)
at java.util.stream.AbstractPipeline.evaluate(Unknown Source)
at java.util.stream.ReferencePipeline.findFirst(Unknown Source)
at org.openqa.selenium.remote.ProtocolHandshake.createSession(ProtocolHandshake.java:128)
at org.openqa.selenium.remote.ProtocolHandshake.createSession(ProtocolHandshake.java:74)
at org.openqa.selenium.remote.HttpCommandExecutor.execute(HttpCommandExecutor.java:136)
at org.openqa.selenium.remote.service.DriverCommandExecutor.execute(DriverCommandExecutor.java:83)
at org.openqa.selenium.remote.RemoteWebDriver.execute(RemoteWebDriver.java:552)
at org.openqa.selenium.remote.RemoteWebDriver.startSession(RemoteWebDriver.java:213)
at org.openqa.selenium.remote.RemoteWebDriver.<init>(RemoteWebDriver.java:131)
at org.openqa.selenium.chrome.ChromeDriver.<init>(ChromeDriver.java:181)
at org.openqa.selenium.chrome.ChromeDriver.<init>(ChromeDriver.java:168)
at org.openqa.selenium.chrome.ChromeDriver.<init>(ChromeDriver.java:123)
at testNG.BaseClass.beforemethod(BaseClass.java:53)
at sun.reflect.NativeMethodAccessorImpl.invoke0(Native Method)
at sun.reflect.NativeMethodAccessorImpl.invoke(Unknown Source)
at sun.reflect.DelegatingMethodAccessorImpl.invoke(Unknown Source)
at java.lang.reflect.Method.invoke(Unknown Source)
at org.testng.internal.MethodInvocationHelper.invokeMethod(MethodInvocationHelper.java:132)
at org.testng.internal.MethodInvocationHelper.invokeMethodConsideringTimeout(MethodInvocationHelper.java:61)
at org.testng.internal.ConfigInvoker.invokeConfigurationMethod(ConfigInvoker.java:366)
at org.testng.internal.ConfigInvoker.invokeConfigurations(ConfigInvoker.java:320)
at org.testng.internal.TestInvoker.runConfigMethods(TestInvoker.java:701)
at org.testng.internal.TestInvoker.invokeMethod(TestInvoker.java:527)
at org.testng.internal.TestInvoker.invokeTestMethod(TestInvoker.java:174)
at org.testng.internal.MethodRunner.runInSequence(MethodRunner.java:46)
at org.testng.internal.TestInvoker$MethodInvocationAgent.invoke(TestInvoker.java:822)
at org.testng.internal.TestInvoker.invokeTestMethods(TestInvoker.java:147)
at org.testng.internal.TestMethodWorker.invokeTestMethods(TestMethodWorker.java:146)
at org.testng.internal.TestMethodWorker.run(TestMethodWorker.java:128)
at java.util.ArrayList.forEach(Unknown Source)
at org.testng.TestRunner.privateRun(TestRunner.java:764)
at org.testng.TestRunner.run(TestRunner.java:585)
at org.testng.SuiteRunner.runTest(SuiteRunner.java:384)
at org.testng.SuiteRunner.runSequentially(SuiteRunner.java:378)
at org.testng.SuiteRunner.privateRun(SuiteRunner.java:337)
at org.testng.SuiteRunner.run(SuiteRunner.java:286)
at org.testng.SuiteRunnerWorker.runSuite(SuiteRunnerWorker.java:53)
at org.testng.SuiteRunnerWorker.run(SuiteRunnerWorker.java:96)
at org.testng.TestNG.runSuitesSequentially(TestNG.java:1218)
at org.testng.TestNG.runSuitesLocally(TestNG.java:1140)
at org.testng.TestNG.runSuites(TestNG.java:1069)
at org.testng.TestNG.run(TestNG.java:1037)
at org.testng.remote.AbstractRemoteTestNG.run(AbstractRemoteTestNG.java:115)
at org.testng.remote.RemoteTestNG.initAndRun(RemoteTestNG.java:251)
at org.testng.remote.RemoteTestNG.main(RemoteTestNG.java:77)
]]>
    </error>
  </testcase> <!-- beforemethod -->
  <system-out>
beforemethod  </system-out>
  <testcase name="method2" time="0.000" classname="testNG.BaseClass">
    <skipped/>
  </testcase> <!-- method2 -->
  <system-out/>
</testsuite> <!-- testNG.BaseClass -->
