<?xml version="1.0" encoding="UTF-8"?>
<!-- Generated by org.testng.reporters.JUnitReportReporter -->
<testsuite skipped="0" hostname="SOHAM-PC" name="testNG.TC_08Array_Parallel_ChangeName" tests="3" failures="0" timestamp="2021-06-18T09:29:47 IST" time="42.656" errors="3">
  <testcase name="verifyAccount" time="14.060" classname="testNG.TC_08Array_Parallel_ChangeName">
    <error type="org.openqa.selenium.SessionNotCreatedException" message="session not created
from disconnected: Unable to receive message from renderer
  (Session info: chrome=91.0.4472.106)
Build info: version: &#039;3.141.59&#039;, revision: &#039;e82be7d358&#039;, time: &#039;2018-11-14T08:25:53&#039;
System info: host: &#039;SOHAM-PC&#039;, ip: &#039;192.168.43.168&#039;, os.name: &#039;Windows 7&#039;, os.arch: &#039;x86&#039;, os.version: &#039;6.1&#039;, java.version: &#039;1.8.0_291&#039;
Driver info: driver.version: ChromeDriver
remote stacktrace: Backtrace:
	Ordinal0 [0x00D02DB3+2502067]
	Ordinal0 [0x00C9C5B1+2082225]
	Ordinal0 [0x00BA2498+1057944]
	Ordinal0 [0x00B94DE9+1002985]
	Ordinal0 [0x00B93D69+998761]
	Ordinal0 [0x00B94026+999462]
	Ordinal0 [0x00B93915+997653]
	Ordinal0 [0x00B9E534+1041716]
	Ordinal0 [0x00B938D1+997585]
	Ordinal0 [0x00B947F6+1001462]
	Ordinal0 [0x00B93D69+998761]
	Ordinal0 [0x00B94026+999462]
	Ordinal0 [0x00B93915+997653]
	Ordinal0 [0x00B9C5AA+1033642]
	Ordinal0 [0x00B938D1+997585]
	Ordinal0 [0x00B947F6+1001462]
	Ordinal0 [0x00B93D69+998761]
	Ordinal0 [0x00B94026+999462]
	Ordinal0 [0x00B93915+997653]
	Ordinal0 [0x00B9A459+1025113]
	Ordinal0 [0x00B938D1+997585]
	Ordinal0 [0x00B947F6+1001462]
	Ordinal0 [0x00B93D69+998761]
	Ordinal0 [0x00B94026+999462]
	Ordinal0 [0x00B93915+997653]
	Ordinal0 [0x00B9977C+1021820]
	Ordinal0 [0x00B938D1+997585]
	Ordinal0 [0x00B947F6+1001462]
	Ordinal0 [0x00B93D69+998761]
	Ordinal0 [0x00B94026+999462]
	Ordinal0 [0x00B93915+997653]
	Ordinal0 [0x00B8F42D+980013]
	Ordinal0 [0x00B938D1+997585]
	Ordinal0 [0x00B93670+996976]
	Ordinal0 [0x00B93409+996361]
	Ordinal0 [0x00BA36A0+1062560]
	Ordinal0 [0x00BEAA59+1354329]
	Ordinal0 [0x00BE967A+1349242]
	Ordinal0 [0x00BE5BEB+1334251]
	Ordinal0 [0x00BC2174+1188212]
	Ordinal0 [0x00BC3009+1191945]
	GetHandleVerifier [0x00E7EC5C+1511084]
	GetHandleVerifier [0x00F28522+2205554]
	GetHandleVerifier [0x00D83393+480739]
	GetHandleVerifier [0x00D82579+477129]
	Ordinal0 [0x00CA1E5D+2104925]
	Ordinal0 [0x00CA63F8+2122744]
	Ordinal0 [0x00CA6537+2123063]
	Ordinal0 [0x00CAEE53+2158163]
	BaseThreadInitThunk [0x76341174+18]
	RtlInitializeExceptionChain [0x777FB3F5+99]
	RtlInitializeExceptionChain [0x777FB3C8+54]
">
      <![CDATA[org.openqa.selenium.SessionNotCreatedException: session not created
from disconnected: Unable to receive message from renderer
  (Session info: chrome=91.0.4472.106)
Build info: version: '3.141.59', revision: 'e82be7d358', time: '2018-11-14T08:25:53'
System info: host: 'SOHAM-PC', ip: '192.168.43.168', os.name: 'Windows 7', os.arch: 'x86', os.version: '6.1', java.version: '1.8.0_291'
Driver info: driver.version: ChromeDriver
remote stacktrace: Backtrace:
Ordinal0 [0x00D02DB3+2502067]
Ordinal0 [0x00C9C5B1+2082225]
Ordinal0 [0x00BA2498+1057944]
Ordinal0 [0x00B94DE9+1002985]
Ordinal0 [0x00B93D69+998761]
Ordinal0 [0x00B94026+999462]
Ordinal0 [0x00B93915+997653]
Ordinal0 [0x00B9E534+1041716]
Ordinal0 [0x00B938D1+997585]
Ordinal0 [0x00B947F6+1001462]
Ordinal0 [0x00B93D69+998761]
Ordinal0 [0x00B94026+999462]
Ordinal0 [0x00B93915+997653]
Ordinal0 [0x00B9C5AA+1033642]
Ordinal0 [0x00B938D1+997585]
Ordinal0 [0x00B947F6+1001462]
Ordinal0 [0x00B93D69+998761]
Ordinal0 [0x00B94026+999462]
Ordinal0 [0x00B93915+997653]
Ordinal0 [0x00B9A459+1025113]
Ordinal0 [0x00B938D1+997585]
Ordinal0 [0x00B947F6+1001462]
Ordinal0 [0x00B93D69+998761]
Ordinal0 [0x00B94026+999462]
Ordinal0 [0x00B93915+997653]
Ordinal0 [0x00B9977C+1021820]
Ordinal0 [0x00B938D1+997585]
Ordinal0 [0x00B947F6+1001462]
Ordinal0 [0x00B93D69+998761]
Ordinal0 [0x00B94026+999462]
Ordinal0 [0x00B93915+997653]
Ordinal0 [0x00B8F42D+980013]
Ordinal0 [0x00B938D1+997585]
Ordinal0 [0x00B93670+996976]
Ordinal0 [0x00B93409+996361]
Ordinal0 [0x00BA36A0+1062560]
Ordinal0 [0x00BEAA59+1354329]
Ordinal0 [0x00BE967A+1349242]
Ordinal0 [0x00BE5BEB+1334251]
Ordinal0 [0x00BC2174+1188212]
Ordinal0 [0x00BC3009+1191945]
GetHandleVerifier [0x00E7EC5C+1511084]
GetHandleVerifier [0x00F28522+2205554]
GetHandleVerifier [0x00D83393+480739]
GetHandleVerifier [0x00D82579+477129]
Ordinal0 [0x00CA1E5D+2104925]
Ordinal0 [0x00CA63F8+2122744]
Ordinal0 [0x00CA6537+2123063]
Ordinal0 [0x00CAEE53+2158163]
BaseThreadInitThunk [0x76341174+18]
RtlInitializeExceptionChain [0x777FB3F5+99]
RtlInitializeExceptionChain [0x777FB3C8+54]

at sun.reflect.NativeConstructorAccessorImpl.newInstance0(Native Method)
at sun.reflect.NativeConstructorAccessorImpl.newInstance(Unknown Source)
at sun.reflect.DelegatingConstructorAccessorImpl.newInstance(Unknown Source)
at java.lang.reflect.Constructor.newInstance(Unknown Source)
at org.openqa.selenium.remote.W3CHandshakeResponse.lambda$errorHandler$0(W3CHandshakeResponse.java:62)
at org.openqa.selenium.remote.HandshakeResponse.lambda$getResponseFunction$0(HandshakeResponse.java:30)
at org.openqa.selenium.remote.ProtocolHandshake.lambda$createSession$0(ProtocolHandshake.java:126)
at java.util.stream.ReferencePipeline$3$1.accept(Unknown Source)
at java.util.Spliterators$ArraySpliterator.tryAdvance(Unknown Source)
at java.util.stream.ReferencePipeline.forEachWithCancel(Unknown Source)
at java.util.stream.AbstractPipeline.copyIntoWithCancel(Unknown Source)
at java.util.stream.AbstractPipeline.copyInto(Unknown Source)
at java.util.stream.AbstractPipeline.wrapAndCopyInto(Unknown Source)
at java.util.stream.FindOps$FindOp.evaluateSequential(Unknown Source)
at java.util.stream.AbstractPipeline.evaluate(Unknown Source)
at java.util.stream.ReferencePipeline.findFirst(Unknown Source)
at org.openqa.selenium.remote.ProtocolHandshake.createSession(ProtocolHandshake.java:128)
at org.openqa.selenium.remote.ProtocolHandshake.createSession(ProtocolHandshake.java:74)
at org.openqa.selenium.remote.HttpCommandExecutor.execute(HttpCommandExecutor.java:136)
at org.openqa.selenium.remote.service.DriverCommandExecutor.execute(DriverCommandExecutor.java:83)
at org.openqa.selenium.remote.RemoteWebDriver.execute(RemoteWebDriver.java:552)
at org.openqa.selenium.remote.RemoteWebDriver.startSession(RemoteWebDriver.java:213)
at org.openqa.selenium.remote.RemoteWebDriver.<init>(RemoteWebDriver.java:131)
at org.openqa.selenium.chrome.ChromeDriver.<init>(ChromeDriver.java:181)
at org.openqa.selenium.chrome.ChromeDriver.<init>(ChromeDriver.java:168)
at org.openqa.selenium.chrome.ChromeDriver.<init>(ChromeDriver.java:123)
at testNG.TC_08Array_Parallel_ChangeName.verifyAccount(TC_08Array_Parallel_ChangeName.java:32)
at sun.reflect.NativeMethodAccessorImpl.invoke0(Native Method)
at sun.reflect.NativeMethodAccessorImpl.invoke(Unknown Source)
at sun.reflect.DelegatingMethodAccessorImpl.invoke(Unknown Source)
at java.lang.reflect.Method.invoke(Unknown Source)
at org.testng.internal.MethodInvocationHelper.invokeMethod(MethodInvocationHelper.java:133)
at org.testng.internal.TestInvoker.invokeMethod(TestInvoker.java:598)
at org.testng.internal.TestInvoker.invokeTestMethod(TestInvoker.java:173)
at org.testng.internal.TestMethodWithDataProviderMethodWorker.call(TestMethodWithDataProviderMethodWorker.java:77)
at org.testng.internal.TestMethodWithDataProviderMethodWorker.call(TestMethodWithDataProviderMethodWorker.java:15)
at java.util.concurrent.FutureTask.run(Unknown Source)
at java.util.concurrent.Executors$RunnableAdapter.call(Unknown Source)
at java.util.concurrent.FutureTask.run(Unknown Source)
at java.util.concurrent.ThreadPoolExecutor.runWorker(Unknown Source)
at java.util.concurrent.ThreadPoolExecutor$Worker.run(Unknown Source)
at java.lang.Thread.run(Unknown Source)
]]>
    </error>
  </testcase> <!-- verifyAccount -->
  <system-out/>
  <testcase name="verifyAccount" time="14.091" classname="testNG.TC_08Array_Parallel_ChangeName">
    <error type="org.openqa.selenium.SessionNotCreatedException" message="session not created
from disconnected: Unable to receive message from renderer
  (Session info: chrome=91.0.4472.106)
Build info: version: &#039;3.141.59&#039;, revision: &#039;e82be7d358&#039;, time: &#039;2018-11-14T08:25:53&#039;
System info: host: &#039;SOHAM-PC&#039;, ip: &#039;192.168.43.168&#039;, os.name: &#039;Windows 7&#039;, os.arch: &#039;x86&#039;, os.version: &#039;6.1&#039;, java.version: &#039;1.8.0_291&#039;
Driver info: driver.version: ChromeDriver
remote stacktrace: Backtrace:
	Ordinal0 [0x00D02DB3+2502067]
	Ordinal0 [0x00C9C5B1+2082225]
	Ordinal0 [0x00BA2498+1057944]
	Ordinal0 [0x00B94DE9+1002985]
	Ordinal0 [0x00B93D69+998761]
	Ordinal0 [0x00B94026+999462]
	Ordinal0 [0x00B93915+997653]
	Ordinal0 [0x00B9E534+1041716]
	Ordinal0 [0x00B938D1+997585]
	Ordinal0 [0x00B947F6+1001462]
	Ordinal0 [0x00B93D69+998761]
	Ordinal0 [0x00B94026+999462]
	Ordinal0 [0x00B93915+997653]
	Ordinal0 [0x00B9C5AA+1033642]
	Ordinal0 [0x00B938D1+997585]
	Ordinal0 [0x00B947F6+1001462]
	Ordinal0 [0x00B93D69+998761]
	Ordinal0 [0x00B94026+999462]
	Ordinal0 [0x00B93915+997653]
	Ordinal0 [0x00B9A459+1025113]
	Ordinal0 [0x00B938D1+997585]
	Ordinal0 [0x00B947F6+1001462]
	Ordinal0 [0x00B93D69+998761]
	Ordinal0 [0x00B94026+999462]
	Ordinal0 [0x00B93915+997653]
	Ordinal0 [0x00B9977C+1021820]
	Ordinal0 [0x00B938D1+997585]
	Ordinal0 [0x00B947F6+1001462]
	Ordinal0 [0x00B93D69+998761]
	Ordinal0 [0x00B94026+999462]
	Ordinal0 [0x00B93915+997653]
	Ordinal0 [0x00B8F42D+980013]
	Ordinal0 [0x00B938D1+997585]
	Ordinal0 [0x00B93670+996976]
	Ordinal0 [0x00B93409+996361]
	Ordinal0 [0x00BA36A0+1062560]
	Ordinal0 [0x00BEAA59+1354329]
	Ordinal0 [0x00BE967A+1349242]
	Ordinal0 [0x00BE5BEB+1334251]
	Ordinal0 [0x00BC2174+1188212]
	Ordinal0 [0x00BC3009+1191945]
	GetHandleVerifier [0x00E7EC5C+1511084]
	GetHandleVerifier [0x00F28522+2205554]
	GetHandleVerifier [0x00D83393+480739]
	GetHandleVerifier [0x00D82579+477129]
	Ordinal0 [0x00CA1E5D+2104925]
	Ordinal0 [0x00CA63F8+2122744]
	Ordinal0 [0x00CA6537+2123063]
	Ordinal0 [0x00CAEE53+2158163]
	BaseThreadInitThunk [0x76341174+18]
	RtlInitializeExceptionChain [0x777FB3F5+99]
	RtlInitializeExceptionChain [0x777FB3C8+54]
">
      <![CDATA[org.openqa.selenium.SessionNotCreatedException: session not created
from disconnected: Unable to receive message from renderer
  (Session info: chrome=91.0.4472.106)
Build info: version: '3.141.59', revision: 'e82be7d358', time: '2018-11-14T08:25:53'
System info: host: 'SOHAM-PC', ip: '192.168.43.168', os.name: 'Windows 7', os.arch: 'x86', os.version: '6.1', java.version: '1.8.0_291'
Driver info: driver.version: ChromeDriver
remote stacktrace: Backtrace:
Ordinal0 [0x00D02DB3+2502067]
Ordinal0 [0x00C9C5B1+2082225]
Ordinal0 [0x00BA2498+1057944]
Ordinal0 [0x00B94DE9+1002985]
Ordinal0 [0x00B93D69+998761]
Ordinal0 [0x00B94026+999462]
Ordinal0 [0x00B93915+997653]
Ordinal0 [0x00B9E534+1041716]
Ordinal0 [0x00B938D1+997585]
Ordinal0 [0x00B947F6+1001462]
Ordinal0 [0x00B93D69+998761]
Ordinal0 [0x00B94026+999462]
Ordinal0 [0x00B93915+997653]
Ordinal0 [0x00B9C5AA+1033642]
Ordinal0 [0x00B938D1+997585]
Ordinal0 [0x00B947F6+1001462]
Ordinal0 [0x00B93D69+998761]
Ordinal0 [0x00B94026+999462]
Ordinal0 [0x00B93915+997653]
Ordinal0 [0x00B9A459+1025113]
Ordinal0 [0x00B938D1+997585]
Ordinal0 [0x00B947F6+1001462]
Ordinal0 [0x00B93D69+998761]
Ordinal0 [0x00B94026+999462]
Ordinal0 [0x00B93915+997653]
Ordinal0 [0x00B9977C+1021820]
Ordinal0 [0x00B938D1+997585]
Ordinal0 [0x00B947F6+1001462]
Ordinal0 [0x00B93D69+998761]
Ordinal0 [0x00B94026+999462]
Ordinal0 [0x00B93915+997653]
Ordinal0 [0x00B8F42D+980013]
Ordinal0 [0x00B938D1+997585]
Ordinal0 [0x00B93670+996976]
Ordinal0 [0x00B93409+996361]
Ordinal0 [0x00BA36A0+1062560]
Ordinal0 [0x00BEAA59+1354329]
Ordinal0 [0x00BE967A+1349242]
Ordinal0 [0x00BE5BEB+1334251]
Ordinal0 [0x00BC2174+1188212]
Ordinal0 [0x00BC3009+1191945]
GetHandleVerifier [0x00E7EC5C+1511084]
GetHandleVerifier [0x00F28522+2205554]
GetHandleVerifier [0x00D83393+480739]
GetHandleVerifier [0x00D82579+477129]
Ordinal0 [0x00CA1E5D+2104925]
Ordinal0 [0x00CA63F8+2122744]
Ordinal0 [0x00CA6537+2123063]
Ordinal0 [0x00CAEE53+2158163]
BaseThreadInitThunk [0x76341174+18]
RtlInitializeExceptionChain [0x777FB3F5+99]
RtlInitializeExceptionChain [0x777FB3C8+54]

at sun.reflect.NativeConstructorAccessorImpl.newInstance0(Native Method)
at sun.reflect.NativeConstructorAccessorImpl.newInstance(Unknown Source)
at sun.reflect.DelegatingConstructorAccessorImpl.newInstance(Unknown Source)
at java.lang.reflect.Constructor.newInstance(Unknown Source)
at org.openqa.selenium.remote.W3CHandshakeResponse.lambda$errorHandler$0(W3CHandshakeResponse.java:62)
at org.openqa.selenium.remote.HandshakeResponse.lambda$getResponseFunction$0(HandshakeResponse.java:30)
at org.openqa.selenium.remote.ProtocolHandshake.lambda$createSession$0(ProtocolHandshake.java:126)
at java.util.stream.ReferencePipeline$3$1.accept(Unknown Source)
at java.util.Spliterators$ArraySpliterator.tryAdvance(Unknown Source)
at java.util.stream.ReferencePipeline.forEachWithCancel(Unknown Source)
at java.util.stream.AbstractPipeline.copyIntoWithCancel(Unknown Source)
at java.util.stream.AbstractPipeline.copyInto(Unknown Source)
at java.util.stream.AbstractPipeline.wrapAndCopyInto(Unknown Source)
at java.util.stream.FindOps$FindOp.evaluateSequential(Unknown Source)
at java.util.stream.AbstractPipeline.evaluate(Unknown Source)
at java.util.stream.ReferencePipeline.findFirst(Unknown Source)
at org.openqa.selenium.remote.ProtocolHandshake.createSession(ProtocolHandshake.java:128)
at org.openqa.selenium.remote.ProtocolHandshake.createSession(ProtocolHandshake.java:74)
at org.openqa.selenium.remote.HttpCommandExecutor.execute(HttpCommandExecutor.java:136)
at org.openqa.selenium.remote.service.DriverCommandExecutor.execute(DriverCommandExecutor.java:83)
at org.openqa.selenium.remote.RemoteWebDriver.execute(RemoteWebDriver.java:552)
at org.openqa.selenium.remote.RemoteWebDriver.startSession(RemoteWebDriver.java:213)
at org.openqa.selenium.remote.RemoteWebDriver.<init>(RemoteWebDriver.java:131)
at org.openqa.selenium.chrome.ChromeDriver.<init>(ChromeDriver.java:181)
at org.openqa.selenium.chrome.ChromeDriver.<init>(ChromeDriver.java:168)
at org.openqa.selenium.chrome.ChromeDriver.<init>(ChromeDriver.java:123)
at testNG.TC_08Array_Parallel_ChangeName.verifyAccount(TC_08Array_Parallel_ChangeName.java:32)
at sun.reflect.NativeMethodAccessorImpl.invoke0(Native Method)
at sun.reflect.NativeMethodAccessorImpl.invoke(Unknown Source)
at sun.reflect.DelegatingMethodAccessorImpl.invoke(Unknown Source)
at java.lang.reflect.Method.invoke(Unknown Source)
at org.testng.internal.MethodInvocationHelper.invokeMethod(MethodInvocationHelper.java:133)
at org.testng.internal.TestInvoker.invokeMethod(TestInvoker.java:598)
at org.testng.internal.TestInvoker.invokeTestMethod(TestInvoker.java:173)
at org.testng.internal.TestMethodWithDataProviderMethodWorker.call(TestMethodWithDataProviderMethodWorker.java:77)
at org.testng.internal.TestMethodWithDataProviderMethodWorker.call(TestMethodWithDataProviderMethodWorker.java:15)
at java.util.concurrent.FutureTask.run(Unknown Source)
at java.util.concurrent.Executors$RunnableAdapter.call(Unknown Source)
at java.util.concurrent.FutureTask.run(Unknown Source)
at java.util.concurrent.ThreadPoolExecutor.runWorker(Unknown Source)
at java.util.concurrent.ThreadPoolExecutor$Worker.run(Unknown Source)
at java.lang.Thread.run(Unknown Source)
]]>
    </error>
  </testcase> <!-- verifyAccount -->
  <system-out/>
  <testcase name="verifyAccount" time="14.505" classname="testNG.TC_08Array_Parallel_ChangeName">
    <error type="org.openqa.selenium.SessionNotCreatedException" message="session not created
from disconnected: Unable to receive message from renderer
  (Session info: chrome=91.0.4472.106)
Build info: version: &#039;3.141.59&#039;, revision: &#039;e82be7d358&#039;, time: &#039;2018-11-14T08:25:53&#039;
System info: host: &#039;SOHAM-PC&#039;, ip: &#039;192.168.43.168&#039;, os.name: &#039;Windows 7&#039;, os.arch: &#039;x86&#039;, os.version: &#039;6.1&#039;, java.version: &#039;1.8.0_291&#039;
Driver info: driver.version: ChromeDriver
remote stacktrace: Backtrace:
	Ordinal0 [0x00D02DB3+2502067]
	Ordinal0 [0x00C9C5B1+2082225]
	Ordinal0 [0x00BA2498+1057944]
	Ordinal0 [0x00B94DE9+1002985]
	Ordinal0 [0x00B93D69+998761]
	Ordinal0 [0x00B94026+999462]
	Ordinal0 [0x00B93915+997653]
	Ordinal0 [0x00B9E534+1041716]
	Ordinal0 [0x00B938D1+997585]
	Ordinal0 [0x00B947F6+1001462]
	Ordinal0 [0x00B93D69+998761]
	Ordinal0 [0x00B94026+999462]
	Ordinal0 [0x00B93915+997653]
	Ordinal0 [0x00B9C5AA+1033642]
	Ordinal0 [0x00B938D1+997585]
	Ordinal0 [0x00B947F6+1001462]
	Ordinal0 [0x00B93D69+998761]
	Ordinal0 [0x00B94026+999462]
	Ordinal0 [0x00B93915+997653]
	Ordinal0 [0x00B9A459+1025113]
	Ordinal0 [0x00B938D1+997585]
	Ordinal0 [0x00B947F6+1001462]
	Ordinal0 [0x00B93D69+998761]
	Ordinal0 [0x00B94026+999462]
	Ordinal0 [0x00B93915+997653]
	Ordinal0 [0x00B9977C+1021820]
	Ordinal0 [0x00B938D1+997585]
	Ordinal0 [0x00B947F6+1001462]
	Ordinal0 [0x00B93D69+998761]
	Ordinal0 [0x00B94026+999462]
	Ordinal0 [0x00B93915+997653]
	Ordinal0 [0x00B8F42D+980013]
	Ordinal0 [0x00B938D1+997585]
	Ordinal0 [0x00B93670+996976]
	Ordinal0 [0x00B93409+996361]
	Ordinal0 [0x00BA36A0+1062560]
	Ordinal0 [0x00BEAA59+1354329]
	Ordinal0 [0x00BE967A+1349242]
	Ordinal0 [0x00BE5BEB+1334251]
	Ordinal0 [0x00BC2174+1188212]
	Ordinal0 [0x00BC3009+1191945]
	GetHandleVerifier [0x00E7EC5C+1511084]
	GetHandleVerifier [0x00F28522+2205554]
	GetHandleVerifier [0x00D83393+480739]
	GetHandleVerifier [0x00D82579+477129]
	Ordinal0 [0x00CA1E5D+2104925]
	Ordinal0 [0x00CA63F8+2122744]
	Ordinal0 [0x00CA6537+2123063]
	Ordinal0 [0x00CAEE53+2158163]
	BaseThreadInitThunk [0x76341174+18]
	RtlInitializeExceptionChain [0x777FB3F5+99]
	RtlInitializeExceptionChain [0x777FB3C8+54]
">
      <![CDATA[org.openqa.selenium.SessionNotCreatedException: session not created
from disconnected: Unable to receive message from renderer
  (Session info: chrome=91.0.4472.106)
Build info: version: '3.141.59', revision: 'e82be7d358', time: '2018-11-14T08:25:53'
System info: host: 'SOHAM-PC', ip: '192.168.43.168', os.name: 'Windows 7', os.arch: 'x86', os.version: '6.1', java.version: '1.8.0_291'
Driver info: driver.version: ChromeDriver
remote stacktrace: Backtrace:
Ordinal0 [0x00D02DB3+2502067]
Ordinal0 [0x00C9C5B1+2082225]
Ordinal0 [0x00BA2498+1057944]
Ordinal0 [0x00B94DE9+1002985]
Ordinal0 [0x00B93D69+998761]
Ordinal0 [0x00B94026+999462]
Ordinal0 [0x00B93915+997653]
Ordinal0 [0x00B9E534+1041716]
Ordinal0 [0x00B938D1+997585]
Ordinal0 [0x00B947F6+1001462]
Ordinal0 [0x00B93D69+998761]
Ordinal0 [0x00B94026+999462]
Ordinal0 [0x00B93915+997653]
Ordinal0 [0x00B9C5AA+1033642]
Ordinal0 [0x00B938D1+997585]
Ordinal0 [0x00B947F6+1001462]
Ordinal0 [0x00B93D69+998761]
Ordinal0 [0x00B94026+999462]
Ordinal0 [0x00B93915+997653]
Ordinal0 [0x00B9A459+1025113]
Ordinal0 [0x00B938D1+997585]
Ordinal0 [0x00B947F6+1001462]
Ordinal0 [0x00B93D69+998761]
Ordinal0 [0x00B94026+999462]
Ordinal0 [0x00B93915+997653]
Ordinal0 [0x00B9977C+1021820]
Ordinal0 [0x00B938D1+997585]
Ordinal0 [0x00B947F6+1001462]
Ordinal0 [0x00B93D69+998761]
Ordinal0 [0x00B94026+999462]
Ordinal0 [0x00B93915+997653]
Ordinal0 [0x00B8F42D+980013]
Ordinal0 [0x00B938D1+997585]
Ordinal0 [0x00B93670+996976]
Ordinal0 [0x00B93409+996361]
Ordinal0 [0x00BA36A0+1062560]
Ordinal0 [0x00BEAA59+1354329]
Ordinal0 [0x00BE967A+1349242]
Ordinal0 [0x00BE5BEB+1334251]
Ordinal0 [0x00BC2174+1188212]
Ordinal0 [0x00BC3009+1191945]
GetHandleVerifier [0x00E7EC5C+1511084]
GetHandleVerifier [0x00F28522+2205554]
GetHandleVerifier [0x00D83393+480739]
GetHandleVerifier [0x00D82579+477129]
Ordinal0 [0x00CA1E5D+2104925]
Ordinal0 [0x00CA63F8+2122744]
Ordinal0 [0x00CA6537+2123063]
Ordinal0 [0x00CAEE53+2158163]
BaseThreadInitThunk [0x76341174+18]
RtlInitializeExceptionChain [0x777FB3F5+99]
RtlInitializeExceptionChain [0x777FB3C8+54]

at sun.reflect.NativeConstructorAccessorImpl.newInstance0(Native Method)
at sun.reflect.NativeConstructorAccessorImpl.newInstance(Unknown Source)
at sun.reflect.DelegatingConstructorAccessorImpl.newInstance(Unknown Source)
at java.lang.reflect.Constructor.newInstance(Unknown Source)
at org.openqa.selenium.remote.W3CHandshakeResponse.lambda$errorHandler$0(W3CHandshakeResponse.java:62)
at org.openqa.selenium.remote.HandshakeResponse.lambda$getResponseFunction$0(HandshakeResponse.java:30)
at org.openqa.selenium.remote.ProtocolHandshake.lambda$createSession$0(ProtocolHandshake.java:126)
at java.util.stream.ReferencePipeline$3$1.accept(Unknown Source)
at java.util.Spliterators$ArraySpliterator.tryAdvance(Unknown Source)
at java.util.stream.ReferencePipeline.forEachWithCancel(Unknown Source)
at java.util.stream.AbstractPipeline.copyIntoWithCancel(Unknown Source)
at java.util.stream.AbstractPipeline.copyInto(Unknown Source)
at java.util.stream.AbstractPipeline.wrapAndCopyInto(Unknown Source)
at java.util.stream.FindOps$FindOp.evaluateSequential(Unknown Source)
at java.util.stream.AbstractPipeline.evaluate(Unknown Source)
at java.util.stream.ReferencePipeline.findFirst(Unknown Source)
at org.openqa.selenium.remote.ProtocolHandshake.createSession(ProtocolHandshake.java:128)
at org.openqa.selenium.remote.ProtocolHandshake.createSession(ProtocolHandshake.java:74)
at org.openqa.selenium.remote.HttpCommandExecutor.execute(HttpCommandExecutor.java:136)
at org.openqa.selenium.remote.service.DriverCommandExecutor.execute(DriverCommandExecutor.java:83)
at org.openqa.selenium.remote.RemoteWebDriver.execute(RemoteWebDriver.java:552)
at org.openqa.selenium.remote.RemoteWebDriver.startSession(RemoteWebDriver.java:213)
at org.openqa.selenium.remote.RemoteWebDriver.<init>(RemoteWebDriver.java:131)
at org.openqa.selenium.chrome.ChromeDriver.<init>(ChromeDriver.java:181)
at org.openqa.selenium.chrome.ChromeDriver.<init>(ChromeDriver.java:168)
at org.openqa.selenium.chrome.ChromeDriver.<init>(ChromeDriver.java:123)
at testNG.TC_08Array_Parallel_ChangeName.verifyAccount(TC_08Array_Parallel_ChangeName.java:32)
at sun.reflect.NativeMethodAccessorImpl.invoke0(Native Method)
at sun.reflect.NativeMethodAccessorImpl.invoke(Unknown Source)
at sun.reflect.DelegatingMethodAccessorImpl.invoke(Unknown Source)
at java.lang.reflect.Method.invoke(Unknown Source)
at org.testng.internal.MethodInvocationHelper.invokeMethod(MethodInvocationHelper.java:133)
at org.testng.internal.TestInvoker.invokeMethod(TestInvoker.java:598)
at org.testng.internal.TestInvoker.invokeTestMethod(TestInvoker.java:173)
at org.testng.internal.TestMethodWithDataProviderMethodWorker.call(TestMethodWithDataProviderMethodWorker.java:77)
at org.testng.internal.TestMethodWithDataProviderMethodWorker.call(TestMethodWithDataProviderMethodWorker.java:15)
at java.util.concurrent.FutureTask.run(Unknown Source)
at java.util.concurrent.Executors$RunnableAdapter.call(Unknown Source)
at java.util.concurrent.FutureTask.run(Unknown Source)
at java.util.concurrent.ThreadPoolExecutor.runWorker(Unknown Source)
at java.util.concurrent.ThreadPoolExecutor$Worker.run(Unknown Source)
at java.lang.Thread.run(Unknown Source)
]]>
    </error>
  </testcase> <!-- verifyAccount -->
  <system-out/>
</testsuite> <!-- testNG.TC_08Array_Parallel_ChangeName -->
